#
# A fatal error has been detected by the Java Runtime Environment:
#
#  EXCEPTION_ACCESS_VIOLATION (0xc0000005) at pc=0x00007ff98875bdf1, pid=13824, tid=11900
#
# JRE version: OpenJDK Runtime Environment Temurin-23.0.2+7 (23.0.2+7) (build 23.0.2+7)
# Java VM: OpenJDK 64-Bit Server VM Temurin-23.0.2+7 (23.0.2+7, mixed mode, sharing, tiered, compressed oops, compressed class ptrs, g1 gc, windows-amd64)
# Problematic frame:
# C  [awt.dll+0xdbdf1]
#
# No core dump will be written. Minidumps are not enabled by default on client versions of Windows
#
# If you would like to submit a bug report, please visit:
#   https://github.com/adoptium/adoptium-support/issues
# The crash happened outside the Java Virtual Machine in native code.
# See problematic frame for where to report the bug.
#

---------------  S U M M A R Y ------------

Command Line: -Dfile.encoding=UTF-8 -Dstdout.encoding=UTF-8 -Dstderr.encoding=UTF-8 --module-path=C:\sist0217\work\JDBC_project\bin;C:\sist0217\util\ojdbc11.jar -XX:+ShowCodeDetailsInExceptionMessages -Djdk.module.main=JDBC_Project JDBC_Project/Car.CarMain

Host: 13th Gen Intel(R) Core(TM) i7-13700, 24 cores, 15G,  Windows 11 , 64 bit Build 26100 (10.0.26100.3323)
Time: Thu Mar 27 13:53:52 2025  Windows 11 , 64 bit Build 26100 (10.0.26100.3323) elapsed time: 3589.897715 seconds (0d 0h 59m 49s)

---------------  T H R E A D  ---------------

Current thread (0x000001659a4534e0):  JavaThread "AWT-Windows" daemon [_thread_in_native, id=11900, stack(0x000000273a200000,0x000000273a300000) (1024K)]

Stack: [0x000000273a200000,0x000000273a300000],  sp=0x000000273a2fe710,  free space=1017k
Native frames: (J=compiled Java code, j=interpreted, Vv=VM code, C=native code)
C  [awt.dll+0xdbdf1]  (no source info available)
C  [awt.dll+0x9789c]  (no source info available)
C  [awt.dll+0x97946]  (no source info available)
C  [awt.dll+0x94d18]  (no source info available)
C  [awt.dll+0xe0ffc]  (no source info available)
C  [awt.dll+0xb0d7d]  (no source info available)
C  [awt.dll+0x97e7d]  (no source info available)
C  [USER32.dll+0xb643]  (no source info available)
C  [USER32.dll+0xaf5c]  (no source info available)
C  [awt.dll+0x161a3]  (no source info available)
C  [COMCTL32.dll+0x24b38]  (no source info available)
C  [COMCTL32.dll+0x2490f]  (no source info available)
C  [USER32.dll+0xb643]  (no source info available)
C  [USER32.dll+0x91cd]  (no source info available)
C  [awt.dll+0xd530e]  (no source info available)
C  [awt.dll+0xd7232]  (no source info available)
C  0x000001654302d207  (no source info available)

The last pc belongs to native method entry point (kind = native) (printed below).
Java frames: (J=compiled Java code, j=interpreted, Vv=VM code)
j  sun.awt.windows.WToolkit.eventLoop()V+0 java.desktop@23.0.2
j  sun.awt.windows.WToolkit.run()V+50 java.desktop@23.0.2
j  java.lang.Thread.runWith(Ljava/lang/Object;Ljava/lang/Runnable;)V+5 java.base@23.0.2
j  java.lang.Thread.run()V+19 java.base@23.0.2
v  ~StubRoutines::call_stub 0x0000016543020fcd

siginfo: EXCEPTION_ACCESS_VIOLATION (0xc0000005), reading address 0x00000000b9bcad7c


Registers:
RAX=0x00000000b9bcad74, RBX=0x0000016554812fe0, RCX=0x0000000000000000, RDX=0x0000000000000000
RSP=0x000000273a2fe710, RBP=0x000000273a2fe819, RSI=0x0000000004011adb, RDI=0x0000000000000000
R8 =0x0000000000000001, R9 =0x000000273800a000, R10=0x0000000000000000, R11=0x0000000000000246
R12=0x0000000000000000, R13=0x0000000000000310, R14=0x0000000000000000, R15=0x0000000000000000
RIP=0x00007ff98875bdf1, EFLAGS=0x0000000000010246


Register to memory mapping:

RAX=0x00000000b9bcad74 is an unknown value
RBX=0x0000016554812fe0 points into unknown readable memory: 0x000001659b55bb50 | 50 bb 55 9b 65 01 00 00
RCX=0x0 is null
RDX=0x0 is null
RSP=0x000000273a2fe710 is pointing into the stack for thread: 0x000001659a4534e0
RBP=0x000000273a2fe819 is pointing into the stack for thread: 0x000001659a4534e0
RSI=0x0000000004011adb is an unknown value
RDI=0x0 is null
R8 =0x0000000000000001 is an unknown value
R9 =0x000000273800a000 points into unknown readable memory: 0x0000000000000000 | 00 00 00 00 00 00 00 00
R10=0x0 is null
R11=0x0000000000000246 is an unknown value
R12=0x0 is null
R13=0x0000000000000310 is an unknown value
R14=0x0 is null
R15=0x0 is null

Top of Stack: (sp=0x000000273a2fe710)
0x000000273a2fe710:   00007ff9887b9838 0000000004011adb
0x000000273a2fe720:   0000000000000000 0000000000000000
0x000000273a2fe730:   0000000000000000 00007ff98871789c
0x000000273a2fe740:   0000000004011adb 000001659c092050
0x000000273a2fe750:   0000016554812fe0 000000273a2fea88
0x000000273a2fe760:   0000000000000000 00007ff988717946
0x000000273a2fe770:   000001659c092050 00007ff988680000
0x000000273a2fe780:   000000273a2fe878 00007ff9cd9d4b38
0x000000273a2fe790:   0000000000000000 00007ff988714d18
0x000000273a2fe7a0:   000001659c092050 0000000000000000
0x000000273a2fe7b0:   00007ff988717e20 00007ff9f086349e
0x000000273a2fe7c0:   00007ff941961d90 00007ff9ee95b7d9
0x000000273a2fe7d0:   000000273a2fe870 0000000000000001
0x000000273a2fe7e0:   0000000000000000 000000273a2fe878
0x000000273a2fe7f0:   0000000000000000 0000000000000000
0x000000273a2fe800:   0000000000000000 000001659a4538a0
0x000000273a2fe810:   000001659c0920f0 0000000000000000
0x000000273a2fe820:   0000000000000000 00000c44fa019cb9
0x000000273a2fe830:   0000000000000000 0000000000000000
0x000000273a2fe840:   0000000000000000 0000000000000000
0x000000273a2fe850:   0000000000000000 0000000000000310
0x000000273a2fe860:   0000000000000000 000001659c092050
0x000000273a2fe870:   000001659c092050 00007ff988760ffc
0x000000273a2fe880:   0000000000000000 000089b72d3eda2a
0x000000273a2fe890:   000070bff3604925 000000000000c23c
0x000000273a2fe8a0:   0000000000000001 0000000000000022
0x000000273a2fe8b0:   0000000000000000 00007ff9ee92b706
0x000000273a2fe8c0:   0000000000000022 000000000060067c
0x000000273a2fe8d0:   000000000000c23c 00007ff9f08128ef
0x000000273a2fe8e0:   000000000060067c 00007ff9ee94894a
0x000000273a2fe8f0:   ffffffffffffffeb 00000c44fa019399
0x000000273a2fe900:   0000016536a08fd0 0000000000000000 

Instructions: (pc=0x00007ff98875bdf1)
0x00007ff98875bcf1:   83 ec 28 66 0f 6e c2 0f 5b c0 f3 0f 59 41 48 0f
0x00007ff98875bd01:   5a c8 f2 0f 10 05 dd 4e 03 00 f2 0f 5c 0d 05 4f
0x00007ff98875bd11:   01 00 66 0f 2f c1 76 0a b8 00 00 00 80 48 83 c4
0x00007ff98875bd21:   28 c3 66 0f 2f 0d 85 98 02 00 76 0a b8 ff ff ff
0x00007ff98875bd31:   7f 48 83 c4 28 c3 0f 28 c1 e8 2f 0e 01 00 f2 0f
0x00007ff98875bd41:   2c c0 48 83 c4 28 c3 cc cc cc cc cc cc cc cc 48
0x00007ff98875bd51:   83 ec 28 66 0f 6e c2 0f 5b c0 f3 0f 59 41 4c 0f
0x00007ff98875bd61:   5a c8 f2 0f 10 05 7d 4e 03 00 f2 0f 5c 0d a5 4e
0x00007ff98875bd71:   01 00 66 0f 2f c1 76 0a b8 00 00 00 80 48 83 c4
0x00007ff98875bd81:   28 c3 66 0f 2f 0d 25 98 02 00 76 0a b8 ff ff ff
0x00007ff98875bd91:   7f 48 83 c4 28 c3 0f 28 c1 e8 cf 0d 01 00 f2 0f
0x00007ff98875bda1:   2c c0 48 83 c4 28 c3 cc cc cc cc cc cc cc cc 48
0x00007ff98875bdb1:   8b 49 08 48 85 c9 0f 85 23 7d fe ff 33 c0 c3 48
0x00007ff98875bdc1:   89 5c 24 08 48 89 74 24 10 57 48 83 ec 20 8b fa
0x00007ff98875bdd1:   48 8b f1 e8 07 bf f4 ff 48 8b d8 48 89 44 24 40
0x00007ff98875bde1:   41 b8 01 00 00 00 8b d7 48 8b c8 e8 5f be f4 ff
0x00007ff98875bdf1:   48 8b 48 08 48 85 c9 74 0d 48 8b d6 e8 de 7c fe
0x00007ff98875be01:   ff 48 8b f8 eb 02 33 ff 48 8b cb e8 8f c0 f4 ff
0x00007ff98875be11:   90 48 8b c7 48 8b 5c 24 30 48 8b 74 24 38 48 83
0x00007ff98875be21:   c4 20 5f c3 cc cc cc cc cc cc cc cc cc cc cc 48
0x00007ff98875be31:   8b 01 89 10 c3 cc cc cc cc cc cc cc cc cc cc 40
0x00007ff98875be41:   57 48 83 ec 40 48 83 79 38 00 48 8b f9 0f 84 96
0x00007ff98875be51:   01 00 00 48 8b 0d c5 9f 06 00 ba 02 00 01 00 48
0x00007ff98875be61:   89 5c 24 58 48 89 74 24 68 e8 40 d9 00 00 4c 8b
0x00007ff98875be71:   05 22 a5 06 00 48 8b c8 48 8b 57 38 48 8b d8 4c
0x00007ff98875be81:   8b 08 41 ff 91 f8 02 00 00 48 8b f0 48 85 c0 0f
0x00007ff98875be91:   84 4a 01 00 00 4c 8b 0b 48 8b d0 4c 8b 05 e5 a4
0x00007ff98875bea1:   06 00 48 8b cb 41 ff 91 00 01 00 00 84 c0 0f 84
0x00007ff98875beb1:   2b 01 00 00 48 8b 7f 08 48 8b d6 48 8b 03 48 8b
0x00007ff98875bec1:   cb 4c 8b 05 d7 a4 06 00 48 81 c7 00 04 00 00 48
0x00007ff98875bed1:   89 6c 24 60 4c 89 7c 24 20 ff 90 f8 02 00 00 4c
0x00007ff98875bee1:   8b 0b 48 8b d6 4c 8b 05 bb a4 06 00 48 8b cb 4c 


Stack slot to memory mapping:

stack at sp + 0 slots: 0x00007ff9887b9838 awt.dll
stack at sp + 1 slots: 0x0000000004011adb is an unknown value
stack at sp + 2 slots: 0x0 is null
stack at sp + 3 slots: 0x0 is null
stack at sp + 4 slots: 0x0 is null
stack at sp + 5 slots: 0x00007ff98871789c awt.dll
stack at sp + 6 slots: 0x0000000004011adb is an unknown value
stack at sp + 7 slots: 0x000001659c092050 points into unknown readable memory: 0x00007ff98878c870 | 70 c8 78 88 f9 7f 00 00

Lock stack of current Java thread (top to bottom):

native method entry point (kind = native)  [0x000001654302cde0, 0x000001654302d938]  2904 bytes
[MachCode]
  0x000001654302cde0: 488b 4b08 | 0fb7 492e | 584c 8d74 | ccf8 6800 | 0000 0068 | 0000 0000 | 5055 488b | ec41 5568 
  0x000001654302ce00: 0000 0000 | 4c8b 6b08 | 4d8d 6d38 | 5348 8b53 | 0848 8b52 | 0848 8b52 | 1848 8b52 | 7048 8b12 
  0x000001654302ce20: 5248 8b53 | 1048 85d2 | 0f84 0700 | 0000 4881 | c210 0100 | 0052 488b | 5308 488b | 5208 488b 
  0x000001654302ce40: 5210 5249 | 8bc6 482b | c548 c1e8 | 0350 6800 | 0000 0068 | f7ff ffff | 41c6 8771 | 0400 0001 
  0x000001654302ce60: 488b 4310 | 4885 c074 | 208b 88cc | 0000 0083 | c102 8988 | cc00 0000 | 2388 e000 | 0000 0f84 
  0x000001654302ce80: 000a 0000 | e9cf 0000 | 0048 8b43 | 1848 85c0 | 0f85 b000 | 0000 e805 | 0000 00e9 | 9900 0000 
  0x000001654302cea0: 488b d348 | 8d44 2408 | 4c89 6dc0 | 498b cfc5 | f877 4989 | afb0 0300 | 0049 8987 | a003 0000 
  0x000001654302cec0: 4883 ec20 | 40f6 c40f | 0f84 1900 | 0000 4883 | ec08 48b8 | 708f 9541 | f97f 0000 | ffd0 4883 
  0x000001654302cee0: c408 e90c | 0000 0048 | b870 8f95 | 41f9 7f00 | 00ff d048 | 83c4 2049 | c787 a003 | 0000 0000 
  0x000001654302cf00: 0000 49c7 | 87b0 0300 | 0000 0000 | 0049 c787 | a803 0000 | 0000 0000 | c5f8 7749 | 837f 0800 
  0x000001654302cf20: 0f84 0500 | 0000 e995 | 3fff ff4c | 8b6d c04c | 8b75 c84e | 8d74 f500 | c348 8b43 | 1848 85c0 
  0x000001654302cf40: 0f84 1200 | 0000 8b48 | 0883 c102 | 8948 0823 | 481c 0f84 | 2c09 0000 | 493b a7e8 | 0400 000f 
  0x000001654302cf60: 8748 0000 | 0089 8424 | 00f0 ffff | 8984 2400 | e0ff ff89 | 8424 00d0 | ffff 8984 | 2400 c0ff 
  0x000001654302cf80: ff89 8424 | 00b0 ffff | 8984 2400 | a0ff ff89 | 8424 0090 | ffff 8984 | 2400 80ff | ff49 3ba7 
  0x000001654302cfa0: e004 0000 | 7607 4989 | a7e8 0400 | 0041 c687 | 7104 0000 | 0049 ba91 | 4124 42f9 | 7f00 0041 
  0x000001654302cfc0: 803a 000f | 843e 0000 | 0048 8b55 | e849 8bcf | 4883 ec20 | 40f6 c40f | 0f84 1900 | 0000 4883 
  0x000001654302cfe0: ec08 48b8 | b081 cd41 | f97f 0000 | ffd0 4883 | c408 e90c | 0000 0048 | b8b0 81cd | 41f9 7f00 
  0x000001654302d000: 00ff d048 | 83c4 2048 | 8b5d e84c | 8b5b 0845 | 0fb7 5b2e | 41c1 e303 | 492b e348 | 83ec 2048 
  0x000001654302d020: 83e4 f04c | 8b5b 604d | 85db 0f85 | ab00 0000 | e805 0000 | 00e9 9900 | 0000 488b | d348 8d44 
  0x000001654302d040: 2408 4c89 | 6dc0 498b | cfc5 f877 | 4989 afb0 | 0300 0049 | 8987 a003 | 0000 4883 | ec20 40f6 
  0x000001654302d060: c40f 0f84 | 1900 0000 | 4883 ec08 | 48b8 d0b6 | 9541 f97f | 0000 ffd0 | 4883 c408 | e90c 0000 
  0x000001654302d080: 0048 b8d0 | b695 41f9 | 7f00 00ff | d048 83c4 | 2049 c787 | a003 0000 | 0000 0000 | 49c7 87b0 
  0x000001654302d0a0: 0300 0000 | 0000 0049 | c787 a803 | 0000 0000 | 0000 c5f8 | 7749 837f | 0800 0f84 | 0500 0000 
  0x000001654302d0c0: e9fb 3dff | ff4c 8b6d | c04c 8b75 | c84e 8d74 | f500 c348 | 8b5d e84c | 8b5b 6041 | ffd3 488b 
  0x000001654302d0e0: 5de8 4889 | 4518 448b | 5b28 41f6 | c308 0f84 | 1b00 0000 | 4c8b 5b08 | 4d8b 5b08 | 4d8b 5b18 
  0x000001654302d100: 4d8b 5b70 | 4d8b 1b4c | 895d 1048 | 8d55 1048 | 8b43 5849 | ba10 cfcd | 41f9 7f00 | 0049 3bc2 
  0x000001654302d120: 0f85 ab00 | 0000 e805 | 0000 00e9 | 9900 0000 | 488b d348 | 8d44 2408 | 4c89 6dc0 | 498b cfc5 
  0x000001654302d140: f877 4989 | afb0 0300 | 0049 8987 | a003 0000 | 4883 ec20 | 40f6 c40f | 0f84 1900 | 0000 4883 
  0x000001654302d160: ec08 48b8 | d0b6 9541 | f97f 0000 | ffd0 4883 | c408 e90c | 0000 0048 | b8d0 b695 | 41f9 7f00 
  0x000001654302d180: 00ff d048 | 83c4 2049 | c787 a003 | 0000 0000 | 0000 49c7 | 87b0 0300 | 0000 0000 | 0049 c787 
  0x000001654302d1a0: a803 0000 | 0000 0000 | c5f8 7749 | 837f 0800 | 0f84 0500 | 0000 e905 | 3dff ff4c | 8b6d c04c 
  0x000001654302d1c0: 8b75 c84e | 8d74 f500 | c348 8b5d | e848 8b43 | 5849 8d8f | c003 0000 | c5f8 7749 | 89af b003 
  0x000001654302d1e0: 0000 49ba | d8d1 0243 | 6501 0000 | 4d89 97a8 | 0300 0049 | 89a7 a003 | 0000 41c7 | 8744 0400 
  0x000001654302d200: 0004 0000 | 00ff d0c5 | f877 4883 | ec10 c5fb | 1104 2448 | 83ec 1048 | 8904 2448 | c744 2408 
  0x000001654302d220: 0000 0000 | 41c7 8744 | 0400 0005 | 0000 00f0 | 8344 24c0 | 0049 3baf | 4804 0000 | 0f87 0e00 
  0x000001654302d240: 0000 4183 | bf40 0400 | 0000 0f84 | 2000 0000 | 498b cf4c | 8be4 4883 | ec20 4883 | e4f0 48b8 
  0x000001654302d260: 7012 9741 | f97f 0000 | ffd0 498b | e44d 33e4 | 41c7 8744 | 0400 0008 | 0000 0049 | c787 a003 
  0x000001654302d280: 0000 0000 | 0000 49c7 | 87b0 0300 | 0000 0000 | 0049 c787 | a803 0000 | 0000 0000 | c5f8 774d 
  0x000001654302d2a0: 8b9f 3004 | 0000 41c7 | 8300 0100 | 0000 0000 | 0049 bbda | a502 4365 | 0100 004c | 3b5d 180f 
  0x000001654302d2c0: 8524 0200 | 0048 8b04 | 2448 83c4 | 1048 85c0 | 0f84 fe01 | 0000 a803 | 0f85 0800 | 0000 488b 
  0x000001654302d2e0: 00e9 ee01 | 0000 a801 | 0f85 0900 | 0000 488b | 40fe e9dd | 0100 0048 | 8b40 ff41 | 807f 3800 
  0x000001654302d300: 0f84 ce01 | 0000 4883 | f800 0f84 | c401 0000 | 4d8b 5f28 | 4983 fb00 | 0f84 1400 | 0000 4983 
  0x000001654302d320: eb08 4d89 | 5f28 4d03 | 5f30 4989 | 03e9 a201 | 0000 4881 | ecd0 0000 | 0048 8904 | 2448 894c 
  0x000001654302d340: 2408 4889 | 5424 1048 | 8974 2418 | 4889 7c24 | 204c 8944 | 2428 4c89 | 4c24 304c | 8954 2438 
  0x000001654302d360: 4c89 5c24 | 40c5 fb11 | 4424 50c5 | fb11 4c24 | 58c5 fb11 | 5424 60c5 | fb11 5c24 | 68c5 fb11 
  0x000001654302d380: 6424 70c5 | fb11 6c24 | 78c5 fb11 | b424 8000 | 0000 c5fb | 11bc 2488 | 0000 00c5 | 7b11 8424 
  0x000001654302d3a0: 9000 0000 | c57b 118c | 2498 0000 | 00c5 7b11 | 9424 a000 | 0000 c57b | 119c 24a8 | 0000 00c5 
  0x000001654302d3c0: 7b11 a424 | b000 0000 | c57b 11ac | 24b8 0000 | 00c5 7b11 | b424 c000 | 0000 c57b | 11bc 24c8 
  0x000001654302d3e0: 0000 0049 | 8bd7 488b | c848 83ec | 2040 f6c4 | 0f0f 8419 | 0000 0048 | 83ec 0848 | b8d0 7a8a 
  0x000001654302d400: 41f9 7f00 | 00ff d048 | 83c4 08e9 | 0c00 0000 | 48b8 d07a | 8a41 f97f | 0000 ffd0 | 4883 c420 
  0x000001654302d420: c57b 10bc | 24c8 0000 | 00c5 7b10 | b424 c000 | 0000 c57b | 10ac 24b8 | 0000 00c5 | 7b10 a424 
  0x000001654302d440: b000 0000 | c57b 109c | 24a8 0000 | 00c5 7b10 | 9424 a000 | 0000 c57b | 108c 2498 | 0000 00c5 
  0x000001654302d460: 7b10 8424 | 9000 0000 | c5fb 10bc | 2488 0000 | 00c5 fb10 | b424 8000 | 0000 c5fb | 106c 2478 
  0x000001654302d480: c5fb 1064 | 2470 c5fb | 105c 2468 | c5fb 1054 | 2460 c5fb | 104c 2458 | c5fb 1044 | 2450 4c8b 
  0x000001654302d4a0: 5c24 404c | 8b54 2438 | 4c8b 4c24 | 304c 8b44 | 2428 488b | 7c24 2048 | 8b74 2418 | 488b 5424 
  0x000001654302d4c0: 1048 8b4c | 2408 488b | 0424 4881 | c4d0 0000 | 00c5 f877 | 4889 4510 | 4883 ec10 | 4889 0424 
  0x000001654302d4e0: 48c7 4424 | 0800 0000 | 0041 83bf | c804 0000 | 020f 85bf | 0000 0048 | 81ec 8000 | 0000 4889 
  0x000001654302d500: 4424 7848 | 894c 2470 | 4889 5424 | 6848 895c | 2460 4889 | 6c24 5048 | 8974 2448 | 4889 7c24 
  0x000001654302d520: 404c 8944 | 2438 4c89 | 4c24 304c | 8954 2428 | 4c89 5c24 | 204c 8964 | 2418 4c89 | 6c24 104c 
  0x000001654302d540: 8974 2408 | 4c89 3c24 | 4c8b e448 | 83ec 2048 | 83e4 f048 | b880 b6cd | 41f9 7f00 | 00ff d049 
  0x000001654302d560: 8be4 4c8b | 3c24 4c8b | 7424 084c | 8b6c 2410 | 4c8b 6424 | 184c 8b5c | 2420 4c8b | 5424 284c 
  0x000001654302d580: 8b4c 2430 | 4c8b 4424 | 3848 8b7c | 2440 488b | 7424 4848 | 8b6c 2450 | 488b 5c24 | 6048 8b54 
  0x000001654302d5a0: 2468 488b | 4c24 7048 | 8b44 2478 | 4881 c480 | 0000 004d | 33e4 488b | 5de8 4c8b | 6b08 4d8d 
  0x000001654302d5c0: 6d38 4983 | 7f08 000f | 84bb 0000 | 00e8 0500 | 0000 e996 | 0000 0048 | 8d44 2408 | 4c89 6dc0 
  0x000001654302d5e0: 498b cfc5 | f877 4989 | afb0 0300 | 0049 8987 | a003 0000 | 4883 ec20 | 40f6 c40f | 0f84 1900 
  0x000001654302d600: 0000 4883 | ec08 48b8 | e0d4 9541 | f97f 0000 | ffd0 4883 | c408 e90c | 0000 0048 | b8e0 d495 
  0x000001654302d620: 41f9 7f00 | 00ff d048 | 83c4 2049 | c787 a003 | 0000 0000 | 0000 49c7 | 87b0 0300 | 0000 0000 
  0x000001654302d640: 0049 c787 | a803 0000 | 0000 0000 | c5f8 7749 | 837f 0800 | 0f84 0500 | 0000 e961 | 38ff ff4c 
  0x000001654302d660: 8b6d c04c | 8b75 c84e | 8d74 f500 | c348 b920 | 9efa 41f9 | 7f00 0048 | 83e4 f048 | b8b0 b6bb 
  0x000001654302d680: 41f9 7f00 | 00ff d0f4 | 448b 5b28 | 41f6 c320 | 0f84 7901 | 0000 488d | 55a8 4c8b | 5a08 4d85 
  0x000001654302d6a0: db0f 85bb | 0000 00e8 | 0500 0000 | e996 0000 | 0048 8d44 | 2408 4c89 | 6dc0 498b | cfc5 f877 
  0x000001654302d6c0: 4989 afb0 | 0300 0049 | 8987 a003 | 0000 4883 | ec20 40f6 | c40f 0f84 | 1900 0000 | 4883 ec08 
  0x000001654302d6e0: 48b8 10d4 | 9541 f97f | 0000 ffd0 | 4883 c408 | e90c 0000 | 0048 b810 | d495 41f9 | 7f00 00ff 
  0x000001654302d700: d048 83c4 | 2049 c787 | a003 0000 | 0000 0000 | 49c7 87b0 | 0300 0000 | 0000 0049 | c787 a803 
  0x000001654302d720: 0000 0000 | 0000 c5f8 | 7749 837f | 0800 0f84 | 0500 0000 | e987 37ff | ff4c 8b6d | c04c 8b75 
  0x000001654302d740: c84e 8d74 | f500 c348 | b920 9efa | 41f9 7f00 | 0048 83e4 | f048 b8b0 | b6bb 41f9 | 7f00 00ff 
  0x000001654302d760: d0f4 4c89 | 6dc0 4c8b | 4a08 48c7 | 4208 0000 | 0000 458b | 8718 0600 | 004f 3b4c | 07f8 0f85 
  0x000001654302d780: 4900 0000 | 4183 af18 | 0600 0008 | 4f3b 4c07 | f00f 842a | 0000 0049 | 8b01 a802 | 0f85 1200 
  0x000001654302d7a0: 0000 4c8b | c049 83c8 | 01f0 4d0f | b101 0f84 | 0d00 0000 | 4183 8718 | 0600 0008 | e90c 0000 
  0x000001654302d7c0: 0049 ff8f | 5005 0000 | e93e 0000 | 004c 894a | 0848 8bca | 4883 ec20 | 40f6 c40f | 0f84 1900 
  0x000001654302d7e0: 0000 4883 | ec08 48b8 | d0a6 9541 | f97f 0000 | ffd0 4883 | c408 e90c | 0000 0048 | b8d0 a695 
  0x000001654302d800: 41f9 7f00 | 00ff d048 | 83c4 204c | 8b6d c049 | ba91 4124 | 42f9 7f00 | 0041 803a | 000f 843e 
  0x000001654302d820: 0000 0048 | 8b55 e849 | 8bcf 4883 | ec20 40f6 | c40f 0f84 | 1900 0000 | 4883 ec08 | 48b8 b081 
  0x000001654302d840: cd41 f97f | 0000 ffd0 | 4883 c408 | e90c 0000 | 0048 b8b0 | 81cd 41f9 | 7f00 00ff | d048 83c4 
  0x000001654302d860: 2048 8b04 | 2448 83c4 | 10c5 fb10 | 0424 4883 | c410 4c8b | 5d18 41ff | d34c 8b5d | f8c9 5f49 
  0x000001654302d880: 8be3 ffe7 | ba00 0000 | 00e8 0500 | 0000 e996 | 0000 0048 | 8d44 2408 | 4c89 6dc0 | 498b cfc5 
  0x000001654302d8a0: f877 4989 | afb0 0300 | 0049 8987 | a003 0000 | 4883 ec20 | 40f6 c40f | 0f84 1900 | 0000 4883 
  0x000001654302d8c0: ec08 48b8 | 809a 9541 | f97f 0000 | ffd0 4883 | c408 e90c | 0000 0048 | b880 9a95 | 41f9 7f00 
  0x000001654302d8e0: 00ff d048 | 83c4 2049 | c787 a003 | 0000 0000 | 0000 49c7 | 87b0 0300 | 0000 0000 | 0049 c787 
  0x000001654302d900: a803 0000 | 0000 0000 | c5f8 7749 | 837f 0800 | 0f84 0500 | 0000 e9a5 | 35ff ff4c | 8b6d c04c 
  0x000001654302d920: 8b75 c84e | 8d74 f500 | c348 8b5d | e8e9 26f6 | ffff 660f | 1f44 0000 
[/MachCode]

---------------  P R O C E S S  ---------------

Threads class SMR info:
_java_thread_list=0x00000165547fa030, length=18, elements={
0x00000165545ddd00, 0x00000165545de860, 0x00000165545e1990, 0x00000165545e47b0,
0x00000165545e5340, 0x00000165545e5da0, 0x00000165545ec2a0, 0x00000165545edd60,
0x00000165546dbf20, 0x000001659a412130, 0x000001659a44ccb0, 0x000001659a450a50,
0x000001659a4534e0, 0x000001659a283f10, 0x000001659a2824d0, 0x000001659a283880,
0x000001659a521d50, 0x000001659a521030
}

Java Threads: ( => current thread )
  0x00000165545ddd00 JavaThread "Reference Handler"          daemon [_thread_blocked, id=14144, stack(0x0000002738d00000,0x0000002738e00000) (1024K)]
  0x00000165545de860 JavaThread "Finalizer"                  daemon [_thread_blocked, id=16012, stack(0x0000002738e00000,0x0000002738f00000) (1024K)]
  0x00000165545e1990 JavaThread "Signal Dispatcher"          daemon [_thread_blocked, id=17756, stack(0x0000002738f00000,0x0000002739000000) (1024K)]
  0x00000165545e47b0 JavaThread "Attach Listener"            daemon [_thread_blocked, id=15964, stack(0x0000002739000000,0x0000002739100000) (1024K)]
  0x00000165545e5340 JavaThread "Service Thread"             daemon [_thread_blocked, id=14956, stack(0x0000002739100000,0x0000002739200000) (1024K)]
  0x00000165545e5da0 JavaThread "Monitor Deflation Thread"   daemon [_thread_blocked, id=16684, stack(0x0000002739200000,0x0000002739300000) (1024K)]
  0x00000165545ec2a0 JavaThread "C2 CompilerThread0"         daemon [_thread_blocked, id=3148, stack(0x0000002739300000,0x0000002739400000) (1024K)]
  0x00000165545edd60 JavaThread "C1 CompilerThread0"         daemon [_thread_blocked, id=14508, stack(0x0000002739400000,0x0000002739500000) (1024K)]
  0x00000165546dbf20 JavaThread "Common-Cleaner"             daemon [_thread_blocked, id=3728, stack(0x0000002739500000,0x0000002739600000) (1024K)]
  0x000001659a412130 JavaThread "Notification Thread"        daemon [_thread_blocked, id=3520, stack(0x0000002739f00000,0x000000273a000000) (1024K)]
  0x000001659a44ccb0 JavaThread "Java2D Disposer"            daemon [_thread_blocked, id=12652, stack(0x000000273a000000,0x000000273a100000) (1024K)]
  0x000001659a450a50 JavaThread "AWT-Shutdown"                      [_thread_blocked, id=10960, stack(0x000000273a100000,0x000000273a200000) (1024K)]
=>0x000001659a4534e0 JavaThread "AWT-Windows"                daemon [_thread_in_native, id=11900, stack(0x000000273a200000,0x000000273a300000) (1024K)]
  0x000001659a283f10 JavaThread "AWT-EventQueue-0"                  [_thread_blocked, id=5980, stack(0x000000273a500000,0x000000273a600000) (1024K)]
  0x000001659a2824d0 JavaThread "DestroyJavaVM"                     [_thread_blocked, id=4072, stack(0x0000002738500000,0x0000002738600000) (1024K)]
  0x000001659a283880 JavaThread "TimerQueue"                 daemon [_thread_blocked, id=17468, stack(0x0000002739c00000,0x0000002739d00000) (1024K)]
  0x000001659a521d50 JavaThread "oracle.jdbc.driver.BlockSource.ThreadedCachingBlockSource.BlockReleaser" daemon [_thread_blocked, id=9636, stack(0x000000273ae00000,0x000000273af00000) (1024K)]
  0x000001659a521030 JavaThread "InterruptTimer"             daemon [_thread_blocked, id=7004, stack(0x000000273af00000,0x000000273b000000) (1024K)]
Total: 18

Other Threads:
  0x00000165545c22d0 VMThread "VM Thread"                           [id=17460, stack(0x0000002738c00000,0x0000002738d00000) (1024K)]
  0x000001655349bf00 WatcherThread "VM Periodic Task Thread"        [id=11516, stack(0x0000002738b00000,0x0000002738c00000) (1024K)]
  0x0000016537e41e40 WorkerThread "GC Thread#0"                     [id=15784, stack(0x0000002738600000,0x0000002738700000) (1024K)]
  0x000001659bdd5ee0 WorkerThread "GC Thread#1"                     [id=18008, stack(0x000000273a600000,0x000000273a700000) (1024K)]
  0x000001659bdd6290 WorkerThread "GC Thread#2"                     [id=16224, stack(0x000000273a700000,0x000000273a800000) (1024K)]
  0x000001659b818c80 WorkerThread "GC Thread#3"                     [id=10188, stack(0x000000273a800000,0x000000273a900000) (1024K)]
  0x000001659a5c6130 WorkerThread "GC Thread#4"                     [id=4112, stack(0x000000273a900000,0x000000273aa00000) (1024K)]
  0x000001659a5c64e0 WorkerThread "GC Thread#5"                     [id=5848, stack(0x000000273aa00000,0x000000273ab00000) (1024K)]
  0x000001659a5c5d80 WorkerThread "GC Thread#6"                     [id=4972, stack(0x000000273ab00000,0x000000273ac00000) (1024K)]
  0x000001659a5c5270 WorkerThread "GC Thread#7"                     [id=5708, stack(0x000000273ac00000,0x000000273ad00000) (1024K)]
  0x000001659a639450 WorkerThread "GC Thread#8"                     [id=18132, stack(0x0000002739700000,0x0000002739800000) (1024K)]
  0x000001659a63b1d0 WorkerThread "GC Thread#9"                     [id=2576, stack(0x0000002739800000,0x0000002739900000) (1024K)]
  0x000001659a63b930 WorkerThread "GC Thread#10"                    [id=3052, stack(0x000000273b000000,0x000000273b100000) (1024K)]
  0x000001659a638cf0 WorkerThread "GC Thread#11"                    [id=13368, stack(0x000000273b100000,0x000000273b200000) (1024K)]
  0x000001659a63bce0 WorkerThread "GC Thread#12"                    [id=14432, stack(0x000000273b200000,0x000000273b300000) (1024K)]
  0x000001659a63c090 WorkerThread "GC Thread#13"                    [id=4048, stack(0x000000273b300000,0x000000273b400000) (1024K)]
  0x000001659a638590 WorkerThread "GC Thread#14"                    [id=1952, stack(0x000000273b400000,0x000000273b500000) (1024K)]
  0x000001659b0fc000 WorkerThread "GC Thread#15"                    [id=10356, stack(0x000000273b500000,0x000000273b600000) (1024K)]
  0x000001659b0fa630 WorkerThread "GC Thread#16"                    [id=18624, stack(0x0000002738200000,0x0000002738300000) (1024K)]
  0x000001659b0fb8a0 WorkerThread "GC Thread#17"                    [id=18628, stack(0x0000002738300000,0x0000002738400000) (1024K)]
  0x0000016537e56900 ConcurrentGCThread "G1 Main Marker"            [id=16880, stack(0x0000002738700000,0x0000002738800000) (1024K)]
  0x0000016537e57410 WorkerThread "G1 Conc#0"                       [id=14976, stack(0x0000002738800000,0x0000002738900000) (1024K)]
  0x000001659b0fa9e0 WorkerThread "G1 Conc#1"                       [id=14500, stack(0x000000273b600000,0x000000273b700000) (1024K)]
  0x000001659b0fa280 WorkerThread "G1 Conc#2"                       [id=15164, stack(0x000000273b700000,0x000000273b800000) (1024K)]
  0x000001659b0fc760 WorkerThread "G1 Conc#3"                       [id=1440, stack(0x000000273b800000,0x000000273b900000) (1024K)]
  0x000001659b0fad90 WorkerThread "G1 Conc#4"                       [id=13396, stack(0x000000273b900000,0x000000273ba00000) (1024K)]
  0x000001655336d440 ConcurrentGCThread "G1 Refine#0"               [id=14536, stack(0x0000002738900000,0x0000002738a00000) (1024K)]
  0x000001655336de60 ConcurrentGCThread "G1 Service"                [id=16916, stack(0x0000002738a00000,0x0000002738b00000) (1024K)]
Total: 28

Threads with active compile tasks:
Total: 0

VM state: not at safepoint (normal execution)

VM Mutex/Monitor currently owned by a thread: None

Heap address: 0x0000000704e00000, size: 4018 MB, Compressed Oops mode: Zero based, Oop shift amount: 3

CDS archive(s) mapped at: [0x0000016555000000-0x0000016555d70000-0x0000016555d70000), size 14090240, SharedBaseAddress: 0x0000016555000000, ArchiveRelocationMode: 1.
Compressed class space mapped at: 0x0000016556000000-0x0000016596000000, reserved size: 1073741824
Narrow klass base: 0x0000016555000000, Narrow klass shift: 0, Narrow klass range: 0x41000000

GC Precious Log:
 CardTable entry size: 512
 Card Set container configuration: InlinePtr #cards 4 size 8 Array Of Cards #cards 16 size 48 Howl #buckets 8 coarsen threshold 3686 Howl Bitmap #cards 512 size 80 coarsen threshold 460 Card regions per heap region 1 cards per card region 4096
 CPUs: 24 total, 24 available
 Memory: 16068M
 Large Page Support: Disabled
 NUMA Support: Disabled
 Compressed Oops: Enabled (Zero based)
 Heap Region Size: 2M
 Heap Min Capacity: 8M
 Heap Initial Capacity: 252M
 Heap Max Capacity: 4018M
 Pre-touch: Disabled
 Parallel Workers: 18
 Concurrent Workers: 5
 Concurrent Refinement Workers: 18
 Periodic GC: Disabled

Heap:
 garbage-first heap   total reserved 4114432K, committed 272384K, used 35677K [0x0000000704e00000, 0x0000000800000000)
  region size 2048K, 2 young (4096K), 1 survivors (2048K)
 Metaspace       used 24649K, committed 25408K, reserved 1114112K
  class space    used 2883K, committed 3200K, reserved 1048576K

Heap Regions: E=young(eden), S=young(survivor), O=old, HS=humongous(starts), HC=humongous(continues), CS=collection set, F=free, TAMS=top-at-mark-start, PB=parsable bottom
|   0|0x0000000704e00000, 0x0000000705000000, 0x0000000705000000|100%|HS|  |TAMS 0x0000000704e00000| PB 0x0000000704e00000| Complete |  0
|   1|0x0000000705000000, 0x0000000705200000, 0x0000000705200000|100%|HS|  |TAMS 0x0000000705000000| PB 0x0000000705000000| Complete |  0
|   2|0x0000000705200000, 0x0000000705400000, 0x0000000705400000|100%|HC|  |TAMS 0x0000000705200000| PB 0x0000000705200000| Complete |  0
|   3|0x0000000705400000, 0x0000000705600000, 0x0000000705600000|100%| O|  |TAMS 0x0000000705400000| PB 0x0000000705400000| Untracked |  0
|   4|0x0000000705600000, 0x0000000705800000, 0x0000000705800000|100%| O|  |TAMS 0x0000000705600000| PB 0x0000000705600000| Untracked |  0
|   5|0x0000000705800000, 0x0000000705800000, 0x0000000705a00000|  0%| F|  |TAMS 0x0000000705800000| PB 0x0000000705800000| Untracked |  0
|   6|0x0000000705a00000, 0x0000000705c00000, 0x0000000705c00000|100%|HS|  |TAMS 0x0000000705a00000| PB 0x0000000705a00000| Complete |  0
|   7|0x0000000705c00000, 0x0000000705e00000, 0x0000000705e00000|100%| O|  |TAMS 0x0000000705c00000| PB 0x0000000705c00000| Untracked |  0
|   8|0x0000000705e00000, 0x0000000705ec7ac8, 0x0000000706000000| 38%| O|  |TAMS 0x0000000705e00000| PB 0x0000000705e00000| Untracked |  0
|   9|0x0000000706000000, 0x0000000706200000, 0x0000000706200000|100%|HS|  |TAMS 0x0000000706000000| PB 0x0000000706000000| Complete |  0
|  10|0x0000000706200000, 0x0000000706400000, 0x0000000706400000|100%|HC|  |TAMS 0x0000000706200000| PB 0x0000000706200000| Complete |  0
|  11|0x0000000706400000, 0x0000000706400000, 0x0000000706600000|  0%| F|  |TAMS 0x0000000706400000| PB 0x0000000706400000| Untracked |  0
|  12|0x0000000706600000, 0x0000000706600000, 0x0000000706800000|  0%| F|  |TAMS 0x0000000706600000| PB 0x0000000706600000| Untracked |  0
|  13|0x0000000706800000, 0x0000000706800000, 0x0000000706a00000|  0%| F|  |TAMS 0x0000000706800000| PB 0x0000000706800000| Untracked |  0
|  14|0x0000000706a00000, 0x0000000706a00000, 0x0000000706c00000|  0%| F|  |TAMS 0x0000000706a00000| PB 0x0000000706a00000| Untracked |  0
|  15|0x0000000706c00000, 0x0000000706c00000, 0x0000000706e00000|  0%| F|  |TAMS 0x0000000706c00000| PB 0x0000000706c00000| Untracked |  0
|  16|0x0000000706e00000, 0x0000000706e00000, 0x0000000707000000|  0%| F|  |TAMS 0x0000000706e00000| PB 0x0000000706e00000| Untracked |  0
|  17|0x0000000707000000, 0x0000000707000000, 0x0000000707200000|  0%| F|  |TAMS 0x0000000707000000| PB 0x0000000707000000| Untracked |  0
|  18|0x0000000707200000, 0x0000000707200000, 0x0000000707400000|  0%| F|  |TAMS 0x0000000707200000| PB 0x0000000707200000| Untracked |  0
|  19|0x0000000707400000, 0x0000000707400000, 0x0000000707600000|  0%| F|  |TAMS 0x0000000707400000| PB 0x0000000707400000| Untracked |  0
|  20|0x0000000707600000, 0x0000000707600000, 0x0000000707800000|  0%| F|  |TAMS 0x0000000707600000| PB 0x0000000707600000| Untracked |  0
|  21|0x0000000707800000, 0x0000000707800000, 0x0000000707a00000|  0%| F|  |TAMS 0x0000000707800000| PB 0x0000000707800000| Untracked |  0
|  22|0x0000000707a00000, 0x0000000707a00000, 0x0000000707c00000|  0%| F|  |TAMS 0x0000000707a00000| PB 0x0000000707a00000| Untracked |  0
|  23|0x0000000707c00000, 0x0000000707c00000, 0x0000000707e00000|  0%| F|  |TAMS 0x0000000707c00000| PB 0x0000000707c00000| Untracked |  0
|  24|0x0000000707e00000, 0x0000000707e00000, 0x0000000708000000|  0%| F|  |TAMS 0x0000000707e00000| PB 0x0000000707e00000| Untracked |  0
|  25|0x0000000708000000, 0x0000000708000000, 0x0000000708200000|  0%| F|  |TAMS 0x0000000708000000| PB 0x0000000708000000| Untracked |  0
|  26|0x0000000708200000, 0x0000000708200000, 0x0000000708400000|  0%| F|  |TAMS 0x0000000708200000| PB 0x0000000708200000| Untracked |  0
|  27|0x0000000708400000, 0x0000000708400000, 0x0000000708600000|  0%| F|  |TAMS 0x0000000708400000| PB 0x0000000708400000| Untracked |  0
|  28|0x0000000708600000, 0x0000000708600000, 0x0000000708800000|  0%| F|  |TAMS 0x0000000708600000| PB 0x0000000708600000| Untracked |  0
|  29|0x0000000708800000, 0x0000000708800000, 0x0000000708a00000|  0%| F|  |TAMS 0x0000000708800000| PB 0x0000000708800000| Untracked |  0
|  30|0x0000000708a00000, 0x0000000708a00000, 0x0000000708c00000|  0%| F|  |TAMS 0x0000000708a00000| PB 0x0000000708a00000| Untracked |  0
|  31|0x0000000708c00000, 0x0000000708c00000, 0x0000000708e00000|  0%| F|  |TAMS 0x0000000708c00000| PB 0x0000000708c00000| Untracked |  0
|  32|0x0000000708e00000, 0x0000000708e00000, 0x0000000709000000|  0%| F|  |TAMS 0x0000000708e00000| PB 0x0000000708e00000| Untracked |  0
|  33|0x0000000709000000, 0x0000000709000000, 0x0000000709200000|  0%| F|  |TAMS 0x0000000709000000| PB 0x0000000709000000| Untracked |  0
|  34|0x0000000709200000, 0x0000000709200000, 0x0000000709400000|  0%| F|  |TAMS 0x0000000709200000| PB 0x0000000709200000| Untracked |  0
|  35|0x0000000709400000, 0x0000000709400000, 0x0000000709600000|  0%| F|  |TAMS 0x0000000709400000| PB 0x0000000709400000| Untracked |  0
|  36|0x0000000709600000, 0x0000000709600000, 0x0000000709800000|  0%| F|  |TAMS 0x0000000709600000| PB 0x0000000709600000| Untracked |  0
|  37|0x0000000709800000, 0x0000000709800000, 0x0000000709a00000|  0%| F|  |TAMS 0x0000000709800000| PB 0x0000000709800000| Untracked |  0
|  38|0x0000000709a00000, 0x0000000709a00000, 0x0000000709c00000|  0%| F|  |TAMS 0x0000000709a00000| PB 0x0000000709a00000| Untracked |  0
|  39|0x0000000709c00000, 0x0000000709c00000, 0x0000000709e00000|  0%| F|  |TAMS 0x0000000709c00000| PB 0x0000000709c00000| Untracked |  0
|  40|0x0000000709e00000, 0x0000000709e00000, 0x000000070a000000|  0%| F|  |TAMS 0x0000000709e00000| PB 0x0000000709e00000| Untracked |  0
|  41|0x000000070a000000, 0x000000070a000000, 0x000000070a200000|  0%| F|  |TAMS 0x000000070a000000| PB 0x000000070a000000| Untracked |  0
|  42|0x000000070a200000, 0x000000070a200000, 0x000000070a400000|  0%| F|  |TAMS 0x000000070a200000| PB 0x000000070a200000| Untracked |  0
|  43|0x000000070a400000, 0x000000070a400000, 0x000000070a600000|  0%| F|  |TAMS 0x000000070a400000| PB 0x000000070a400000| Untracked |  0
|  44|0x000000070a600000, 0x000000070a600000, 0x000000070a800000|  0%| F|  |TAMS 0x000000070a600000| PB 0x000000070a600000| Untracked |  0
|  45|0x000000070a800000, 0x000000070a800000, 0x000000070aa00000|  0%| F|  |TAMS 0x000000070a800000| PB 0x000000070a800000| Untracked |  0
|  46|0x000000070aa00000, 0x000000070aa00000, 0x000000070ac00000|  0%| F|  |TAMS 0x000000070aa00000| PB 0x000000070aa00000| Untracked |  0
|  47|0x000000070ac00000, 0x000000070ac00000, 0x000000070ae00000|  0%| F|  |TAMS 0x000000070ac00000| PB 0x000000070ac00000| Untracked |  0
|  48|0x000000070ae00000, 0x000000070ae00000, 0x000000070b000000|  0%| F|  |TAMS 0x000000070ae00000| PB 0x000000070ae00000| Untracked |  0
|  49|0x000000070b000000, 0x000000070b000000, 0x000000070b200000|  0%| F|  |TAMS 0x000000070b000000| PB 0x000000070b000000| Untracked |  0
|  50|0x000000070b200000, 0x000000070b200000, 0x000000070b400000|  0%| F|  |TAMS 0x000000070b200000| PB 0x000000070b200000| Untracked |  0
|  51|0x000000070b400000, 0x000000070b400000, 0x000000070b600000|  0%| F|  |TAMS 0x000000070b400000| PB 0x000000070b400000| Untracked |  0
|  52|0x000000070b600000, 0x000000070b600000, 0x000000070b800000|  0%| F|  |TAMS 0x000000070b600000| PB 0x000000070b600000| Untracked |  0
|  53|0x000000070b800000, 0x000000070b800000, 0x000000070ba00000|  0%| F|  |TAMS 0x000000070b800000| PB 0x000000070b800000| Untracked |  0
|  54|0x000000070ba00000, 0x000000070bc00000, 0x000000070bc00000|100%|HS|  |TAMS 0x000000070ba00000| PB 0x000000070ba00000| Complete |  0
|  55|0x000000070bc00000, 0x000000070be00000, 0x000000070be00000|100%|HC|  |TAMS 0x000000070bc00000| PB 0x000000070bc00000| Complete |  0
|  56|0x000000070be00000, 0x000000070c000000, 0x000000070c000000|100%|HS|  |TAMS 0x000000070be00000| PB 0x000000070be00000| Complete |  0
|  57|0x000000070c000000, 0x000000070c200000, 0x000000070c200000|100%|HC|  |TAMS 0x000000070c000000| PB 0x000000070c000000| Complete |  0
|  58|0x000000070c200000, 0x000000070c200000, 0x000000070c400000|  0%| F|  |TAMS 0x000000070c200000| PB 0x000000070c200000| Untracked |  0
|  59|0x000000070c400000, 0x000000070c400000, 0x000000070c600000|  0%| F|  |TAMS 0x000000070c400000| PB 0x000000070c400000| Untracked |  0
|  60|0x000000070c600000, 0x000000070c600000, 0x000000070c800000|  0%| F|  |TAMS 0x000000070c600000| PB 0x000000070c600000| Untracked |  0
|  61|0x000000070c800000, 0x000000070c800000, 0x000000070ca00000|  0%| F|  |TAMS 0x000000070c800000| PB 0x000000070c800000| Untracked |  0
|  62|0x000000070ca00000, 0x000000070ca00000, 0x000000070cc00000|  0%| F|  |TAMS 0x000000070ca00000| PB 0x000000070ca00000| Untracked |  0
|  63|0x000000070cc00000, 0x000000070cc00000, 0x000000070ce00000|  0%| F|  |TAMS 0x000000070cc00000| PB 0x000000070cc00000| Untracked |  0
|  64|0x000000070ce00000, 0x000000070ce00000, 0x000000070d000000|  0%| F|  |TAMS 0x000000070ce00000| PB 0x000000070ce00000| Untracked |  0
|  65|0x000000070d000000, 0x000000070d000000, 0x000000070d200000|  0%| F|  |TAMS 0x000000070d000000| PB 0x000000070d000000| Untracked |  0
|  66|0x000000070d200000, 0x000000070d200000, 0x000000070d400000|  0%| F|  |TAMS 0x000000070d200000| PB 0x000000070d200000| Untracked |  0
|  67|0x000000070d400000, 0x000000070d400000, 0x000000070d600000|  0%| F|  |TAMS 0x000000070d400000| PB 0x000000070d400000| Untracked |  0
|  68|0x000000070d600000, 0x000000070d600000, 0x000000070d800000|  0%| F|  |TAMS 0x000000070d600000| PB 0x000000070d600000| Untracked |  0
|  69|0x000000070d800000, 0x000000070d800000, 0x000000070da00000|  0%| F|  |TAMS 0x000000070d800000| PB 0x000000070d800000| Untracked |  0
|  70|0x000000070da00000, 0x000000070da00000, 0x000000070dc00000|  0%| F|  |TAMS 0x000000070da00000| PB 0x000000070da00000| Untracked |  0
|  71|0x000000070dc00000, 0x000000070dc00000, 0x000000070de00000|  0%| F|  |TAMS 0x000000070dc00000| PB 0x000000070dc00000| Untracked |  0
|  72|0x000000070de00000, 0x000000070de00000, 0x000000070e000000|  0%| F|  |TAMS 0x000000070de00000| PB 0x000000070de00000| Untracked |  0
|  73|0x000000070e000000, 0x000000070e000000, 0x000000070e200000|  0%| F|  |TAMS 0x000000070e000000| PB 0x000000070e000000| Untracked |  0
|  74|0x000000070e200000, 0x000000070e200000, 0x000000070e400000|  0%| F|  |TAMS 0x000000070e200000| PB 0x000000070e200000| Untracked |  0
|  75|0x000000070e400000, 0x000000070e400000, 0x000000070e600000|  0%| F|  |TAMS 0x000000070e400000| PB 0x000000070e400000| Untracked |  0
|  76|0x000000070e600000, 0x000000070e600000, 0x000000070e800000|  0%| F|  |TAMS 0x000000070e600000| PB 0x000000070e600000| Untracked |  0
|  77|0x000000070e800000, 0x000000070e800000, 0x000000070ea00000|  0%| F|  |TAMS 0x000000070e800000| PB 0x000000070e800000| Untracked |  0
|  78|0x000000070ea00000, 0x000000070ea00000, 0x000000070ec00000|  0%| F|  |TAMS 0x000000070ea00000| PB 0x000000070ea00000| Untracked |  0
|  79|0x000000070ec00000, 0x000000070ec00000, 0x000000070ee00000|  0%| F|  |TAMS 0x000000070ec00000| PB 0x000000070ec00000| Untracked |  0
|  80|0x000000070ee00000, 0x000000070ee00000, 0x000000070f000000|  0%| F|  |TAMS 0x000000070ee00000| PB 0x000000070ee00000| Untracked |  0
|  81|0x000000070f000000, 0x000000070f000000, 0x000000070f200000|  0%| F|  |TAMS 0x000000070f000000| PB 0x000000070f000000| Untracked |  0
|  82|0x000000070f200000, 0x000000070f200000, 0x000000070f400000|  0%| F|  |TAMS 0x000000070f200000| PB 0x000000070f200000| Untracked |  0
|  83|0x000000070f400000, 0x000000070f400000, 0x000000070f600000|  0%| F|  |TAMS 0x000000070f400000| PB 0x000000070f400000| Untracked |  0
|  84|0x000000070f600000, 0x000000070f600000, 0x000000070f800000|  0%| F|  |TAMS 0x000000070f600000| PB 0x000000070f600000| Untracked |  0
|  85|0x000000070f800000, 0x000000070f800000, 0x000000070fa00000|  0%| F|  |TAMS 0x000000070f800000| PB 0x000000070f800000| Untracked |  0
|  86|0x000000070fa00000, 0x000000070fa00000, 0x000000070fc00000|  0%| F|  |TAMS 0x000000070fa00000| PB 0x000000070fa00000| Untracked |  0
|  87|0x000000070fc00000, 0x000000070fc00000, 0x000000070fe00000|  0%| F|  |TAMS 0x000000070fc00000| PB 0x000000070fc00000| Untracked |  0
|  88|0x000000070fe00000, 0x000000070fe00000, 0x0000000710000000|  0%| F|  |TAMS 0x000000070fe00000| PB 0x000000070fe00000| Untracked |  0
|  89|0x0000000710000000, 0x0000000710000000, 0x0000000710200000|  0%| F|  |TAMS 0x0000000710000000| PB 0x0000000710000000| Untracked |  0
|  90|0x0000000710200000, 0x0000000710200000, 0x0000000710400000|  0%| F|  |TAMS 0x0000000710200000| PB 0x0000000710200000| Untracked |  0
|  91|0x0000000710400000, 0x0000000710400000, 0x0000000710600000|  0%| F|  |TAMS 0x0000000710400000| PB 0x0000000710400000| Untracked |  0
|  92|0x0000000710600000, 0x0000000710600000, 0x0000000710800000|  0%| F|  |TAMS 0x0000000710600000| PB 0x0000000710600000| Untracked |  0
|  93|0x0000000710800000, 0x0000000710800000, 0x0000000710a00000|  0%| F|  |TAMS 0x0000000710800000| PB 0x0000000710800000| Untracked |  0
|  94|0x0000000710a00000, 0x0000000710a00000, 0x0000000710c00000|  0%| F|  |TAMS 0x0000000710a00000| PB 0x0000000710a00000| Untracked |  0
|  95|0x0000000710c00000, 0x0000000710c00000, 0x0000000710e00000|  0%| F|  |TAMS 0x0000000710c00000| PB 0x0000000710c00000| Untracked |  0
|  96|0x0000000710e00000, 0x0000000710e00000, 0x0000000711000000|  0%| F|  |TAMS 0x0000000710e00000| PB 0x0000000710e00000| Untracked |  0
|  97|0x0000000711000000, 0x0000000711000000, 0x0000000711200000|  0%| F|  |TAMS 0x0000000711000000| PB 0x0000000711000000| Untracked |  0
|  98|0x0000000711200000, 0x0000000711200000, 0x0000000711400000|  0%| F|  |TAMS 0x0000000711200000| PB 0x0000000711200000| Untracked |  0
|  99|0x0000000711400000, 0x0000000711400000, 0x0000000711600000|  0%| F|  |TAMS 0x0000000711400000| PB 0x0000000711400000| Untracked |  0
| 100|0x0000000711600000, 0x0000000711600000, 0x0000000711800000|  0%| F|  |TAMS 0x0000000711600000| PB 0x0000000711600000| Untracked |  0
| 101|0x0000000711800000, 0x0000000711800000, 0x0000000711a00000|  0%| F|  |TAMS 0x0000000711800000| PB 0x0000000711800000| Untracked |  0
| 102|0x0000000711a00000, 0x0000000711a00000, 0x0000000711c00000|  0%| F|  |TAMS 0x0000000711a00000| PB 0x0000000711a00000| Untracked |  0
| 103|0x0000000711c00000, 0x0000000711c00000, 0x0000000711e00000|  0%| F|  |TAMS 0x0000000711c00000| PB 0x0000000711c00000| Untracked |  0
| 104|0x0000000711e00000, 0x0000000711e00000, 0x0000000712000000|  0%| F|  |TAMS 0x0000000711e00000| PB 0x0000000711e00000| Untracked |  0
| 105|0x0000000712000000, 0x0000000712000000, 0x0000000712200000|  0%| F|  |TAMS 0x0000000712000000| PB 0x0000000712000000| Untracked |  0
| 106|0x0000000712200000, 0x0000000712200000, 0x0000000712400000|  0%| F|  |TAMS 0x0000000712200000| PB 0x0000000712200000| Untracked |  0
| 107|0x0000000712400000, 0x0000000712400000, 0x0000000712600000|  0%| F|  |TAMS 0x0000000712400000| PB 0x0000000712400000| Untracked |  0
| 108|0x0000000712600000, 0x0000000712600000, 0x0000000712800000|  0%| F|  |TAMS 0x0000000712600000| PB 0x0000000712600000| Untracked |  0
| 109|0x0000000712800000, 0x0000000712800000, 0x0000000712a00000|  0%| F|  |TAMS 0x0000000712800000| PB 0x0000000712800000| Untracked |  0
| 110|0x0000000712a00000, 0x0000000712a00000, 0x0000000712c00000|  0%| F|  |TAMS 0x0000000712a00000| PB 0x0000000712a00000| Untracked |  0
| 111|0x0000000712c00000, 0x0000000712c00000, 0x0000000712e00000|  0%| F|  |TAMS 0x0000000712c00000| PB 0x0000000712c00000| Untracked |  0
| 112|0x0000000712e00000, 0x0000000712e00000, 0x0000000713000000|  0%| F|  |TAMS 0x0000000712e00000| PB 0x0000000712e00000| Untracked |  0
| 113|0x0000000713000000, 0x0000000713000000, 0x0000000713200000|  0%| F|  |TAMS 0x0000000713000000| PB 0x0000000713000000| Untracked |  0
| 114|0x0000000713200000, 0x0000000713200000, 0x0000000713400000|  0%| F|  |TAMS 0x0000000713200000| PB 0x0000000713200000| Untracked |  0
| 115|0x0000000713400000, 0x0000000713400000, 0x0000000713600000|  0%| F|  |TAMS 0x0000000713400000| PB 0x0000000713400000| Untracked |  0
| 116|0x0000000713600000, 0x0000000713600000, 0x0000000713800000|  0%| F|  |TAMS 0x0000000713600000| PB 0x0000000713600000| Untracked |  0
| 117|0x0000000713800000, 0x0000000713800000, 0x0000000713a00000|  0%| F|  |TAMS 0x0000000713800000| PB 0x0000000713800000| Untracked |  0
| 118|0x0000000713a00000, 0x0000000713a00000, 0x0000000713c00000|  0%| F|  |TAMS 0x0000000713a00000| PB 0x0000000713a00000| Untracked |  0
| 119|0x0000000713c00000, 0x0000000713c00000, 0x0000000713e00000|  0%| F|  |TAMS 0x0000000713c00000| PB 0x0000000713c00000| Untracked |  0
| 120|0x0000000713e00000, 0x0000000713e00000, 0x0000000714000000|  0%| F|  |TAMS 0x0000000713e00000| PB 0x0000000713e00000| Untracked |  0
| 121|0x0000000714000000, 0x0000000714000000, 0x0000000714200000|  0%| F|  |TAMS 0x0000000714000000| PB 0x0000000714000000| Untracked |  0
| 122|0x0000000714200000, 0x0000000714200000, 0x0000000714400000|  0%| F|  |TAMS 0x0000000714200000| PB 0x0000000714200000| Untracked |  0
| 123|0x0000000714400000, 0x0000000714400000, 0x0000000714600000|  0%| F|  |TAMS 0x0000000714400000| PB 0x0000000714400000| Untracked |  0
| 124|0x0000000714600000, 0x0000000714600000, 0x0000000714800000|  0%| F|  |TAMS 0x0000000714600000| PB 0x0000000714600000| Untracked |  0
| 125|0x0000000714800000, 0x0000000714800000, 0x0000000714a00000|  0%| F|  |TAMS 0x0000000714800000| PB 0x0000000714800000| Untracked |  0
| 126|0x0000000714a00000, 0x0000000714a00000, 0x0000000714c00000|  0%| F|  |TAMS 0x0000000714a00000| PB 0x0000000714a00000| Untracked |  0
| 127|0x0000000714c00000, 0x0000000714cd78f0, 0x0000000714e00000| 42%| S|CS|TAMS 0x0000000714c00000| PB 0x0000000714c00000| Complete |  0
| 128|0x0000000714e00000, 0x0000000715000000, 0x0000000715000000|100%| E|  |TAMS 0x0000000714e00000| PB 0x0000000714e00000| Complete |  0
|2005|0x00000007ff800000, 0x00000007ff938208, 0x00000007ffa00000| 60%| O|  |TAMS 0x00000007ff800000| PB 0x00000007ff800000| Untracked |  0
|2006|0x00000007ffa00000, 0x00000007ffc00000, 0x00000007ffc00000|100%| O|  |TAMS 0x00000007ffa00000| PB 0x00000007ffa00000| Untracked |  0
|2007|0x00000007ffc00000, 0x00000007ffe00000, 0x00000007ffe00000|100%| O|  |TAMS 0x00000007ffc00000| PB 0x00000007ffc00000| Untracked |  0
|2008|0x00000007ffe00000, 0x0000000800000000, 0x0000000800000000|100%| O|  |TAMS 0x00000007ffe00000| PB 0x00000007ffe00000| Untracked |  0

Card table byte_map: [0x000001654c8d0000,0x000001654d0b0000] _byte_map_base: 0x00000165490a9000

Marking Bits: (CMBitMap*) 0x0000016537e42550
 Bits: [0x000001654d0b0000, 0x0000016550f78000)

Polling page: 0x00000165361a0000

Metaspace:

Usage:
  Non-class:     21.26 MB used.
      Class:      2.82 MB used.
       Both:     24.07 MB used.

Virtual space:
  Non-class space:       64.00 MB reserved,      21.69 MB ( 34%) committed,  1 nodes.
      Class space:        1.00 GB reserved,       3.12 MB ( <1%) committed,  1 nodes.
             Both:        1.06 GB reserved,      24.81 MB (  2%) committed. 

Chunk freelists:
   Non-Class:  10.22 MB
       Class:  12.74 MB
        Both:  22.96 MB

MaxMetaspaceSize: unlimited
CompressedClassSpaceSize: 1.00 GB
Initial GC threshold: 21.00 MB
Current GC threshold: 35.25 MB
CDS: on
 - commit_granule_bytes: 65536.
 - commit_granule_words: 8192.
 - virtual_space_node_default_size: 8388608.
 - enlarge_chunks_in_place: 1.
 - use_allocation_guard: 0.


Internal statistics:

num_allocs_failed_limit: 3.
num_arena_births: 946.
num_arena_deaths: 0.
num_vsnodes_births: 2.
num_vsnodes_deaths: 0.
num_space_committed: 397.
num_space_uncommitted: 0.
num_chunks_returned_to_freelist: 3.
num_chunks_taken_from_freelist: 1453.
num_chunk_merges: 3.
num_chunk_splits: 901.
num_chunks_enlarged: 414.
num_inconsistent_stats: 0.

CodeHeap 'non-profiled nmethods': size=119232Kb used=1612Kb max_used=1612Kb free=117620Kb
 bounds [0x0000016543760000, 0x00000165439d0000, 0x000001654abd0000]
CodeHeap 'profiled nmethods': size=119104Kb used=6546Kb max_used=6546Kb free=112557Kb
 bounds [0x000001653bbd0000, 0x000001653c240000, 0x0000016543020000]
CodeHeap 'non-nmethods': size=7424Kb used=1893Kb max_used=3319Kb free=5530Kb
 bounds [0x0000016543020000, 0x0000016543400000, 0x0000016543760000]
CodeCache: size=245760Kb, used=10051Kb, max_used=11477Kb, free=235707Kb
 total_blobs=5472, nmethods=4551, adapters=814, full_count=0
Compilation: enabled, stopped_count=0, restarted_count=0

Compilation events (20 events):
Event: 1522.327 Thread 0x00000165545ec2a0 4543   !   4       java.lang.ref.ReferenceQueue::poll (40 bytes)
Event: 1522.330 Thread 0x00000165545ec2a0 nmethod 4543 0x00000165438f1f08 code [0x00000165438f2080, 0x00000165438f2540]
Event: 1522.457 Thread 0x00000165545edd60 4544   !   3       java.awt.GraphicsDevice::getFullScreenWindow (36 bytes)
Event: 1522.457 Thread 0x00000165545edd60 nmethod 4544 0x000001653c232188 code [0x000001653c2322c0, 0x000001653c2325f8]
Event: 1522.457 Thread 0x00000165545edd60 4545       3       sun.awt.Win32GraphicsDevice::resizeFSWindow (45 bytes)
Event: 1522.458 Thread 0x00000165545edd60 nmethod 4545 0x000001653c232608 code [0x000001653c2327e0, 0x000001653c233010]
Event: 1522.514 Thread 0x00000165545edd60 4546       3       javax.swing.plaf.metal.MetalUtils::drawGradient (59 bytes)
Event: 1522.514 Thread 0x00000165545ec2a0 4547       4       javax.swing.JComponent::getWidth (5 bytes)
Event: 1522.514 Thread 0x00000165545edd60 nmethod 4546 0x000001653c233088 code [0x000001653c233220, 0x000001653c233900]
Event: 1522.514 Thread 0x00000165545ec2a0 nmethod 4547 0x00000165438f2608 code [0x00000165438f2700, 0x00000165438f2778]
Event: 1522.514 Thread 0x00000165545ec2a0 4548       4       javax.swing.JComponent::getHeight (5 bytes)
Event: 1522.514 Thread 0x00000165545ec2a0 nmethod 4548 0x00000165438f2908 code [0x00000165438f2a00, 0x00000165438f2a78]
Event: 1635.571 Thread 0x00000165545edd60 4550       3       java.awt.image.PackedColorModel::DecomposeMask (118 bytes)
Event: 1635.571 Thread 0x00000165545edd60 nmethod 4550 0x000001653c233988 code [0x000001653c233b40, 0x000001653c2340d8]
Event: 1635.571 Thread 0x00000165545edd60 4549       3       java.awt.color.ColorSpace::getInstance (77 bytes)
Event: 1635.571 Thread 0x00000165545edd60 nmethod 4549 0x000001653c234108 code [0x000001653c234260, 0x000001653c2345f8]
Event: 1635.744 Thread 0x00000165545edd60 4551       3       sun.java2d.DefaultDisposerRecord::dispose (12 bytes)
Event: 1635.745 Thread 0x00000165545edd60 nmethod 4551 0x000001653c234608 code [0x000001653c234720, 0x000001653c234868]
Event: 1635.750 Thread 0x00000165545ec2a0 4552       4       java.lang.StringUTF16::getChars (42 bytes)
Event: 1635.754 Thread 0x00000165545ec2a0 nmethod 4552 0x00000165438f2c08 code [0x00000165438f2d20, 0x00000165438f2fa0]

GC Heap History (16 events):
Event: 0.508 GC heap before
{Heap before GC invocations=0 (full 0):
 garbage-first heap   total reserved 4114432K, committed 258048K, used 28672K [0x0000000704e00000, 0x0000000800000000)
  region size 2048K, 12 young (24576K), 0 survivors (0K)
 Metaspace       used 7404K, committed 7552K, reserved 1114112K
  class space    used 807K, committed 896K, reserved 1048576K
}
Event: 0.512 GC heap after
{Heap after GC invocations=1 (full 0):
 garbage-first heap   total reserved 4114432K, committed 258048K, used 15280K [0x0000000704e00000, 0x0000000800000000)
  region size 2048K, 2 young (4096K), 2 survivors (4096K)
 Metaspace       used 7404K, committed 7552K, reserved 1114112K
  class space    used 807K, committed 896K, reserved 1048576K
}
Event: 8.150 GC heap before
{Heap before GC invocations=1 (full 0):
 garbage-first heap   total reserved 4114432K, committed 258048K, used 35760K [0x0000000704e00000, 0x0000000800000000)
  region size 2048K, 12 young (24576K), 2 survivors (4096K)
 Metaspace       used 12169K, committed 12672K, reserved 1114112K
  class space    used 1451K, committed 1664K, reserved 1048576K
}
Event: 8.153 GC heap after
{Heap after GC invocations=2 (full 0):
 garbage-first heap   total reserved 4114432K, committed 258048K, used 20574K [0x0000000704e00000, 0x0000000800000000)
  region size 2048K, 2 young (4096K), 2 survivors (4096K)
 Metaspace       used 12169K, committed 12672K, reserved 1114112K
  class space    used 1451K, committed 1664K, reserved 1048576K
}
Event: 19.541 GC heap before
{Heap before GC invocations=2 (full 0):
 garbage-first heap   total reserved 4114432K, committed 258048K, used 43102K [0x0000000704e00000, 0x0000000800000000)
  region size 2048K, 15 young (30720K), 2 survivors (4096K)
 Metaspace       used 20901K, committed 21504K, reserved 1114112K
  class space    used 2373K, committed 2624K, reserved 1048576K
}
Event: 19.545 GC heap after
{Heap after GC invocations=3 (full 0):
 garbage-first heap   total reserved 4114432K, committed 258048K, used 22189K [0x0000000704e00000, 0x0000000800000000)
  region size 2048K, 3 young (6144K), 3 survivors (6144K)
 Metaspace       used 20901K, committed 21504K, reserved 1114112K
  class space    used 2373K, committed 2624K, reserved 1048576K
}
Event: 1086.435 GC heap before
{Heap before GC invocations=4 (full 0):
 garbage-first heap   total reserved 4114432K, committed 122880K, used 120493K [0x0000000704e00000, 0x0000000800000000)
  region size 2048K, 11 young (22528K), 3 survivors (6144K)
 Metaspace       used 24472K, committed 25216K, reserved 1114112K
  class space    used 2880K, committed 3200K, reserved 1048576K
}
Event: 1086.440 GC heap after
{Heap after GC invocations=5 (full 0):
 garbage-first heap   total reserved 4114432K, committed 131072K, used 105468K [0x0000000704e00000, 0x0000000800000000)
  region size 2048K, 4 young (8192K), 4 survivors (8192K)
 Metaspace       used 24472K, committed 25216K, reserved 1114112K
  class space    used 2880K, committed 3200K, reserved 1048576K
}
Event: 1401.299 GC heap before
{Heap before GC invocations=5 (full 0):
 garbage-first heap   total reserved 4114432K, committed 262144K, used 259068K [0x0000000704e00000, 0x0000000800000000)
  region size 2048K, 7 young (14336K), 4 survivors (8192K)
 Metaspace       used 24614K, committed 25344K, reserved 1114112K
  class space    used 2881K, committed 3200K, reserved 1048576K
}
Event: 1401.307 GC heap after
{Heap after GC invocations=6 (full 0):
 garbage-first heap   total reserved 4114432K, committed 272384K, used 175618K [0x0000000704e00000, 0x0000000800000000)
  region size 2048K, 1 young (2048K), 1 survivors (2048K)
 Metaspace       used 24614K, committed 25344K, reserved 1114112K
  class space    used 2881K, committed 3200K, reserved 1048576K
}
Event: 1401.310 GC heap before
{Heap before GC invocations=6 (full 0):
 garbage-first heap   total reserved 4114432K, committed 272384K, used 175618K [0x0000000704e00000, 0x0000000800000000)
  region size 2048K, 2 young (4096K), 1 survivors (2048K)
 Metaspace       used 24619K, committed 25344K, reserved 1114112K
  class space    used 2881K, committed 3200K, reserved 1048576K
}
Event: 1401.312 GC heap after
{Heap after GC invocations=7 (full 0):
 garbage-first heap   total reserved 4114432K, committed 272384K, used 31607K [0x0000000704e00000, 0x0000000800000000)
  region size 2048K, 1 young (2048K), 1 survivors (2048K)
 Metaspace       used 24619K, committed 25344K, reserved 1114112K
  class space    used 2881K, committed 3200K, reserved 1048576K
}
Event: 1635.743 GC heap before
{Heap before GC invocations=7 (full 0):
 garbage-first heap   total reserved 4114432K, committed 272384K, used 123767K [0x0000000704e00000, 0x0000000800000000)
  region size 2048K, 3 young (6144K), 1 survivors (2048K)
 Metaspace       used 24646K, committed 25408K, reserved 1114112K
  class space    used 2881K, committed 3200K, reserved 1048576K
}
Event: 1635.744 GC heap after
{Heap after GC invocations=8 (full 0):
 garbage-first heap   total reserved 4114432K, committed 272384K, used 117658K [0x0000000704e00000, 0x0000000800000000)
  region size 2048K, 1 young (2048K), 1 survivors (2048K)
 Metaspace       used 24646K, committed 25408K, reserved 1114112K
  class space    used 2881K, committed 3200K, reserved 1048576K
}
Event: 1636.172 GC heap before
{Heap before GC invocations=8 (full 0):
 garbage-first heap   total reserved 4114432K, committed 272384K, used 121754K [0x0000000704e00000, 0x0000000800000000)
  region size 2048K, 2 young (4096K), 1 survivors (2048K)
 Metaspace       used 24646K, committed 25408K, reserved 1114112K
  class space    used 2881K, committed 3200K, reserved 1048576K
}
Event: 1636.174 GC heap after
{Heap after GC invocations=9 (full 0):
 garbage-first heap   total reserved 4114432K, committed 272384K, used 31581K [0x0000000704e00000, 0x0000000800000000)
  region size 2048K, 1 young (2048K), 1 survivors (2048K)
 Metaspace       used 24646K, committed 25408K, reserved 1114112K
  class space    used 2881K, committed 3200K, reserved 1048576K
}

Dll operation events (13 events):
Event: 0.004 Loaded shared library C:\Users\user\.p2\pool\plugins\org.eclipse.justj.openjdk.hotspot.jre.full.win32.x86_64_23.0.2.v20250131-0604\jre\bin\java.dll
Event: 0.020 Loaded shared library C:\Users\user\.p2\pool\plugins\org.eclipse.justj.openjdk.hotspot.jre.full.win32.x86_64_23.0.2.v20250131-0604\jre\bin\zip.dll
Event: 0.036 Loaded shared library C:\Users\user\.p2\pool\plugins\org.eclipse.justj.openjdk.hotspot.jre.full.win32.x86_64_23.0.2.v20250131-0604\jre\bin\net.dll
Event: 0.037 Loaded shared library C:\Users\user\.p2\pool\plugins\org.eclipse.justj.openjdk.hotspot.jre.full.win32.x86_64_23.0.2.v20250131-0604\jre\bin\nio.dll
Event: 0.051 Loaded shared library C:\Users\user\.p2\pool\plugins\org.eclipse.justj.openjdk.hotspot.jre.full.win32.x86_64_23.0.2.v20250131-0604\jre\bin\zip.dll
Event: 0.097 Loaded shared library C:\Users\user\.p2\pool\plugins\org.eclipse.justj.openjdk.hotspot.jre.full.win32.x86_64_23.0.2.v20250131-0604\jre\bin\jimage.dll
Event: 0.108 Loaded shared library C:\Users\user\.p2\pool\plugins\org.eclipse.justj.openjdk.hotspot.jre.full.win32.x86_64_23.0.2.v20250131-0604\jre\bin\awt.dll
Event: 0.395 Loaded shared library C:\Users\user\.p2\pool\plugins\org.eclipse.justj.openjdk.hotspot.jre.full.win32.x86_64_23.0.2.v20250131-0604\jre\bin\freetype.dll
Event: 0.395 Loaded shared library C:\Users\user\.p2\pool\plugins\org.eclipse.justj.openjdk.hotspot.jre.full.win32.x86_64_23.0.2.v20250131-0604\jre\bin\fontmanager.dll
Event: 8.105 Loaded shared library C:\Windows\System32\ucrtbase.dll
Event: 8.106 Loaded shared library C:\Users\user\.p2\pool\plugins\org.eclipse.justj.openjdk.hotspot.jre.full.win32.x86_64_23.0.2.v20250131-0604\jre\bin\syslookup.dll
Event: 19.275 Loaded shared library C:\Users\user\.p2\pool\plugins\org.eclipse.justj.openjdk.hotspot.jre.full.win32.x86_64_23.0.2.v20250131-0604\jre\bin\management.dll
Event: 19.280 Loaded shared library C:\Users\user\.p2\pool\plugins\org.eclipse.justj.openjdk.hotspot.jre.full.win32.x86_64_23.0.2.v20250131-0604\jre\bin\management_ext.dll

Deoptimization events (20 events):
Event: 1099.796 Thread 0x000001659a4534e0 Uncommon trap: trap_request=0xffffffd6 fr.pc=0x00000165438ddc24 relative=0x0000000000000484
Event: 1099.796 Thread 0x000001659a4534e0 Uncommon trap: reason=array_check action=maybe_recompile pc=0x00000165438ddc24 method=java.util.HashMap.keysToArray([Ljava/lang/Object;)[Ljava/lang/Object; @ 62 c2
Event: 1099.796 Thread 0x000001659a4534e0 DEOPT PACKING pc=0x00000165438ddc24 sp=0x000000273a2fe280
Event: 1099.796 Thread 0x000001659a4534e0 DEOPT UNPACKING pc=0x0000016543074402 sp=0x000000273a2fe218 mode 2
Event: 1105.617 Thread 0x000001659a4534e0 Uncommon trap: trap_request=0xffffffd6 fr.pc=0x00000165438ddc24 relative=0x0000000000000484
Event: 1105.617 Thread 0x000001659a4534e0 Uncommon trap: reason=array_check action=maybe_recompile pc=0x00000165438ddc24 method=java.util.HashMap.keysToArray([Ljava/lang/Object;)[Ljava/lang/Object; @ 62 c2
Event: 1105.617 Thread 0x000001659a4534e0 DEOPT PACKING pc=0x00000165438ddc24 sp=0x000000273a2fe280
Event: 1105.617 Thread 0x000001659a4534e0 DEOPT UNPACKING pc=0x0000016543074402 sp=0x000000273a2fe218 mode 2
Event: 1106.096 Thread 0x000001659a4534e0 Uncommon trap: trap_request=0xffffffd6 fr.pc=0x00000165438ddc24 relative=0x0000000000000484
Event: 1106.096 Thread 0x000001659a4534e0 Uncommon trap: reason=array_check action=maybe_recompile pc=0x00000165438ddc24 method=java.util.HashMap.keysToArray([Ljava/lang/Object;)[Ljava/lang/Object; @ 62 c2
Event: 1106.096 Thread 0x000001659a4534e0 DEOPT PACKING pc=0x00000165438ddc24 sp=0x000000273a2fe280
Event: 1106.096 Thread 0x000001659a4534e0 DEOPT UNPACKING pc=0x0000016543074402 sp=0x000000273a2fe218 mode 2
Event: 1111.948 Thread 0x000001659a4534e0 Uncommon trap: trap_request=0xffffffd6 fr.pc=0x00000165438ddc24 relative=0x0000000000000484
Event: 1111.948 Thread 0x000001659a4534e0 Uncommon trap: reason=array_check action=maybe_recompile pc=0x00000165438ddc24 method=java.util.HashMap.keysToArray([Ljava/lang/Object;)[Ljava/lang/Object; @ 62 c2
Event: 1111.948 Thread 0x000001659a4534e0 DEOPT PACKING pc=0x00000165438ddc24 sp=0x000000273a2fe280
Event: 1111.948 Thread 0x000001659a4534e0 DEOPT UNPACKING pc=0x0000016543074402 sp=0x000000273a2fe218 mode 2
Event: 1111.967 Thread 0x000001659a283f10 DEOPT PACKING pc=0x000001653c17edbc sp=0x000000273a5fc900
Event: 1111.967 Thread 0x000001659a283f10 DEOPT UNPACKING pc=0x0000016543074b22 sp=0x000000273a5fbe00 mode 0
Event: 1162.831 Thread 0x000001659a283f10 DEOPT PACKING pc=0x000001653c1ba7e7 sp=0x000000273a5fc7e0
Event: 1162.831 Thread 0x000001659a283f10 DEOPT UNPACKING pc=0x0000016543074b22 sp=0x000000273a5fbcb8 mode 0

Classes loaded (20 events):
Event: 19.677 Loading class java/lang/Throwable$WrappedPrintStream
Event: 19.677 Loading class java/lang/Throwable$PrintStreamOrWriter
Event: 19.677 Loading class java/lang/Throwable$PrintStreamOrWriter done
Event: 19.677 Loading class java/lang/Throwable$WrappedPrintStream done
Event: 19.677 Loading class java/lang/StackTraceElement$HashedModules
Event: 19.677 Loading class java/lang/StackTraceElement$HashedModules done
Event: 19.680 Loading class java/awt/KeyboardFocusManager$2
Event: 19.680 Loading class java/awt/KeyboardFocusManager$2 done
Event: 19.681 Loading class sun/awt/SunToolkit$1
Event: 19.681 Loading class sun/awt/SunToolkit$1 done
Event: 1054.091 Loading class java/util/WeakHashMap$KeyIterator
Event: 1054.091 Loading class java/util/WeakHashMap$HashIterator
Event: 1054.091 Loading class java/util/WeakHashMap$HashIterator done
Event: 1054.091 Loading class java/util/WeakHashMap$KeyIterator done
Event: 1054.091 Loading class javax/swing/RepaintManager$DisplayChangedRunnable
Event: 1054.092 Loading class javax/swing/RepaintManager$DisplayChangedRunnable done
Event: 1893.017 Loading class java/awt/desktop/SystemSleepListener
Event: 1893.017 Loading class java/awt/desktop/SystemEventListener
Event: 1893.017 Loading class java/awt/desktop/SystemEventListener done
Event: 1893.017 Loading class java/awt/desktop/SystemSleepListener done

Classes unloaded (0 events):
No events

Classes redefined (0 events):
No events

Internal exceptions (20 events):
Event: 19.381 Thread 0x000001659a283f10 Exception <a 'sun/nio/fs/WindowsException'{0x0000000713aeca80}> (0x0000000713aeca80) 
thrown [s\src\hotspot\share\prims\jni.cpp, line 520]
Event: 19.416 Thread 0x000001659a283f10 Exception <a 'sun/nio/fs/WindowsException'{0x000000071368cf80}> (0x000000071368cf80) 
thrown [s\src\hotspot\share\prims\jni.cpp, line 520]
Event: 19.418 Thread 0x000001659a283f10 Exception <a 'sun/nio/fs/WindowsException'{0x000000071369e098}> (0x000000071369e098) 
thrown [s\src\hotspot\share\prims\jni.cpp, line 520]
Event: 19.423 Thread 0x000001659a283f10 Exception <a 'java/lang/NoClassDefFoundError'{0x000000071372e1a0}: oracle/dms/console/DMSConsole> (0x000000071372e1a0) 
thrown [s\src\hotspot\share\classfile\systemDictionary.cpp, line 302]
Event: 19.432 Thread 0x000001659a283f10 Exception <a 'java/lang/NoSuchMethodError'{0x0000000713049bd0}: 'int java.lang.invoke.DirectMethodHandle$Holder.invokeStaticInit(java.lang.Object, java.lang.Object)'> (0x0000000713049bd0) 
thrown [s\src\hotspot\share\interpreter\linkResolver.cpp, line 796]
Event: 19.432 Thread 0x000001659a283f10 Exception <a 'java/lang/NoSuchMethodError'{0x000000071304f6a8}: 'int java.lang.invoke.DirectMethodHandle$Holder.invokeSpecialIFC(java.lang.Object, java.lang.Object, java.lang.Object, java.lang.Object)'> (0x000000071304f6a8) 
thrown [s\src\hotspot\share\interpreter\linkResolver.cpp, line 796]
Event: 19.446 Thread 0x000001659a283f10 Exception <a 'java/lang/NoSuchMethodError'{0x0000000713097928}: 'java.lang.Object java.lang.invoke.DirectMethodHandle$Holder.invokeStatic(java.lang.Object, int, int, int, int)'> (0x0000000713097928) 
thrown [s\src\hotspot\share\interpreter\linkResolver.cpp, line 796]
Event: 19.446 Thread 0x000001659a283f10 Exception <a 'java/lang/NoSuchMethodError'{0x000000071309b270}: 'java.lang.Object java.lang.invoke.DirectMethodHandle$Holder.invokeStaticInit(java.lang.Object, int, int, int, int)'> (0x000000071309b270) 
thrown [s\src\hotspot\share\interpreter\linkResolver.cpp, line 796]
Event: 19.461 Thread 0x000001659a283f10 Exception <a 'java/lang/NoSuchMethodError'{0x0000000713156d68}: 'java.lang.Object java.lang.invoke.DirectMethodHandle$Holder.invokeStatic(java.lang.Object, java.lang.Object, int, int, int, int)'> (0x0000000713156d68) 
thrown [s\src\hotspot\share\interpreter\linkResolver.cpp, line 796]
Event: 19.462 Thread 0x000001659a283f10 Exception <a 'java/lang/NoSuchMethodError'{0x000000071315a850}: 'java.lang.Object java.lang.invoke.DirectMethodHandle$Holder.invokeStaticInit(java.lang.Object, java.lang.Object, int, int, int, int)'> (0x000000071315a850) 
thrown [s\src\hotspot\share\interpreter\linkResolver.cpp, line 796]
Event: 19.477 Thread 0x000001659a283f10 Exception <a 'sun/nio/fs/WindowsException'{0x0000000712ea2b08}> (0x0000000712ea2b08) 
thrown [s\src\hotspot\share\prims\jni.cpp, line 520]
Event: 19.482 Thread 0x000001659a283f10 Exception <a 'sun/nio/fs/WindowsException'{0x0000000712ec6878}> (0x0000000712ec6878) 
thrown [s\src\hotspot\share\prims\jni.cpp, line 520]
Event: 19.483 Thread 0x000001659a283f10 Exception <a 'java/lang/ClassNotFoundException'{0x0000000712ec9a08}: jdk/net/ExtendedSocketOptions> (0x0000000712ec9a08) 
thrown [s\src\hotspot\share\classfile\systemDictionary.cpp, line 313]
Event: 19.501 Thread 0x000001659a283f10 Exception <a 'java/lang/NoSuchMethodError'{0x0000000712f84e58}: 'int java.lang.invoke.DirectMethodHandle$Holder.invokeSpecialIFC(java.lang.Object, java.lang.Object, java.lang.Object)'> (0x0000000712f84e58) 
thrown [s\src\hotspot\share\interpreter\linkResolver.cpp, line 796]
Event: 19.506 Thread 0x000001659a283f10 Exception <a 'java/lang/NoSuchMethodError'{0x0000000712c1e6f8}: 'java.lang.Object java.lang.invoke.DirectMethodHandle$Holder.invokeVirtual(java.lang.Object, java.lang.Object, int)'> (0x0000000712c1e6f8) 
thrown [s\src\hotspot\share\interpreter\linkResolver.cpp, line 796]
Event: 19.645 Thread 0x000001659a283f10 Exception <a 'java/lang/NoSuchMethodError'{0x0000000708cf6468}: 'long java.lang.invoke.DirectMethodHandle$Holder.invokeSpecial(java.lang.Object, java.lang.Object)'> (0x0000000708cf6468) 
thrown [s\src\hotspot\share\interpreter\linkResolver.cpp, line 796]
Event: 19.645 Thread 0x000001659a283f10 Exception <a 'java/lang/NoSuchMethodError'{0x0000000708cf9bf8}: 'long java.lang.invoke.Invokers$Holder.invokeExact_MT(java.lang.Object, java.lang.Object)'> (0x0000000708cf9bf8) 
thrown [s\src\hotspot\share\interpreter\linkResolver.cpp, line 796]
Event: 19.672 Thread 0x000001659a283f10 Implicit null exception at 0x00000165438ae926 to 0x00000165438af3a8
Event: 19.672 Thread 0x000001659a283f10 Implicit null exception at 0x00000165438b255e to 0x00000165438b2858
Event: 19.672 Thread 0x000001659a283f10 Implicit null exception at 0x00000165438b0f1c to 0x00000165438b10b4

VM Operations (20 events):
Event: 1401.299 Executing VM operation: G1CollectForAllocation (G1 Evacuation Pause)
Event: 1401.307 Executing VM operation: G1CollectForAllocation (G1 Evacuation Pause) done
Event: 1401.310 Executing VM operation: G1TryInitiateConcMark (G1 Humongous Allocation)
Event: 1401.312 Executing VM operation: G1TryInitiateConcMark (G1 Humongous Allocation) done
Event: 1443.093 Executing VM operation: HandshakeAllThreads (HandshakeForDeflation)
Event: 1443.093 Executing VM operation: HandshakeAllThreads (HandshakeForDeflation) done
Event: 1443.093 Executing VM operation: RendezvousGCThreads
Event: 1443.093 Executing VM operation: RendezvousGCThreads done
Event: 1563.286 Executing VM operation: HandshakeAllThreads (HandshakeForDeflation)
Event: 1563.286 Executing VM operation: HandshakeAllThreads (HandshakeForDeflation) done
Event: 1563.286 Executing VM operation: RendezvousGCThreads
Event: 1563.286 Executing VM operation: RendezvousGCThreads done
Event: 1635.743 Executing VM operation: G1TryInitiateConcMark (G1 Humongous Allocation)
Event: 1635.744 Executing VM operation: G1TryInitiateConcMark (G1 Humongous Allocation) done
Event: 1636.172 Executing VM operation: G1TryInitiateConcMark (G1 Humongous Allocation)
Event: 1636.174 Executing VM operation: G1TryInitiateConcMark (G1 Humongous Allocation) done
Event: 1683.738 Executing VM operation: HandshakeAllThreads (HandshakeForDeflation)
Event: 1683.738 Executing VM operation: HandshakeAllThreads (HandshakeForDeflation) done
Event: 1683.738 Executing VM operation: RendezvousGCThreads
Event: 1683.738 Executing VM operation: RendezvousGCThreads done

Memory protections (0 events):
No events

Nmethod flushes (0 events):
No events

Events (20 events):
Event: 19.253 Thread 0x000001659a283f10 Thread added: 0x000001659a2852c0
Event: 19.293 Thread 0x00000165545edd60 Thread added: 0x000001659b55b6d0
Event: 19.317 Thread 0x000001659b55b6d0 Thread added: 0x000001659b41c8c0
Event: 19.329 Thread 0x00000165545edd60 Thread added: 0x000001659a273220
Event: 19.336 Thread 0x00000165545edd60 Thread added: 0x000001659bc04a50
Event: 19.365 Thread 0x00000165545edd60 Thread added: 0x000001659b19bb90
Event: 19.425 Thread 0x000001659a283f10 Thread added: 0x000001659a521d50
Event: 19.490 Thread 0x000001659a283f10 Thread added: 0x000001659a521030
Event: 19.606 Thread 0x000001659a283f10 Thread added: 0x000001659a522a70
Event: 19.965 Thread 0x000001659b19bb90 Thread exited: 0x000001659b19bb90
Event: 19.965 Thread 0x000001659bc04a50 Thread exited: 0x000001659bc04a50
Event: 19.965 Thread 0x000001659b41c8c0 Thread exited: 0x000001659b41c8c0
Event: 20.205 Thread 0x000001659a273220 Thread exited: 0x000001659a273220
Event: 20.205 Thread 0x000001659b55b6d0 Thread exited: 0x000001659b55b6d0
Event: 24.279 Thread 0x000001659a2852c0 Thread exited: 0x000001659a2852c0
Event: 79.683 Thread 0x000001659a522a70 Thread exited: 0x000001659a522a70
Event: 1061.554 Thread 0x00000165545edd60 Thread added: 0x000001659b8aee90
Event: 1066.978 Thread 0x000001659b8aee90 Thread exited: 0x000001659b8aee90
Event: 1407.396 Thread 0x00000165545edd60 Thread added: 0x000001659b993c90
Event: 1407.899 Thread 0x000001659b993c90 Thread exited: 0x000001659b993c90


Dynamic libraries:
0x00007ff765790000 - 0x00007ff76579e000 	C:\Users\user\.p2\pool\plugins\org.eclipse.justj.openjdk.hotspot.jre.full.win32.x86_64_23.0.2.v20250131-0604\jre\bin\javaw.exe
0x00007ff9f0800000 - 0x00007ff9f0a63000 	C:\WINDOWS\SYSTEM32\ntdll.dll
0x00007ff9ef450000 - 0x00007ff9ef517000 	C:\WINDOWS\System32\KERNEL32.DLL
0x00007ff9edd60000 - 0x00007ff9ee129000 	C:\WINDOWS\System32\KERNELBASE.dll
0x00007ff9edb80000 - 0x00007ff9edccc000 	C:\WINDOWS\System32\ucrtbase.dll
0x00007ff9e6f20000 - 0x00007ff9e6f37000 	C:\Users\user\.p2\pool\plugins\org.eclipse.justj.openjdk.hotspot.jre.full.win32.x86_64_23.0.2.v20250131-0604\jre\bin\jli.dll
0x00007ff9cd530000 - 0x00007ff9cd54e000 	C:\Users\user\.p2\pool\plugins\org.eclipse.justj.openjdk.hotspot.jre.full.win32.x86_64_23.0.2.v20250131-0604\jre\bin\VCRUNTIME140.dll
0x00007ff9ee920000 - 0x00007ff9eeaea000 	C:\WINDOWS\System32\USER32.dll
0x00007ff9cd9b0000 - 0x00007ff9cdc40000 	C:\WINDOWS\WinSxS\amd64_microsoft.windows.common-controls_6595b64144ccf1df_6.0.26100.3323_none_3e088096e3344490\COMCTL32.dll
0x00007ff9ee130000 - 0x00007ff9ee157000 	C:\WINDOWS\System32\win32u.dll
0x00007ff9ef330000 - 0x00007ff9ef35a000 	C:\WINDOWS\System32\GDI32.dll
0x00007ff9efd20000 - 0x00007ff9efdc9000 	C:\WINDOWS\System32\msvcrt.dll
0x00007ff9ee370000 - 0x00007ff9ee4a1000 	C:\WINDOWS\System32\gdi32full.dll
0x00007ff9ee570000 - 0x00007ff9ee613000 	C:\WINDOWS\System32\msvcp_win.dll
0x00007ff9ef270000 - 0x00007ff9ef29f000 	C:\WINDOWS\System32\IMM32.DLL
0x00007ff9e8c90000 - 0x00007ff9e8c9c000 	C:\Users\user\.p2\pool\plugins\org.eclipse.justj.openjdk.hotspot.jre.full.win32.x86_64_23.0.2.v20250131-0604\jre\bin\vcruntime140_1.dll
0x00007ff9ba590000 - 0x00007ff9ba61d000 	C:\Users\user\.p2\pool\plugins\org.eclipse.justj.openjdk.hotspot.jre.full.win32.x86_64_23.0.2.v20250131-0604\jre\bin\msvcp140.dll
0x00007ff941580000 - 0x00007ff94234e000 	C:\Users\user\.p2\pool\plugins\org.eclipse.justj.openjdk.hotspot.jre.full.win32.x86_64_23.0.2.v20250131-0604\jre\bin\server\jvm.dll
0x00007ff9ee750000 - 0x00007ff9ee802000 	C:\WINDOWS\System32\ADVAPI32.dll
0x00007ff9ee620000 - 0x00007ff9ee6c6000 	C:\WINDOWS\System32\sechost.dll
0x00007ff9eee70000 - 0x00007ff9eef86000 	C:\WINDOWS\System32\RPCRT4.dll
0x00007ff9ef2b0000 - 0x00007ff9ef324000 	C:\WINDOWS\System32\WS2_32.dll
0x00007ff9ed190000 - 0x00007ff9ed1de000 	C:\WINDOWS\SYSTEM32\POWRPROF.dll
0x00007ff9e4630000 - 0x00007ff9e4666000 	C:\WINDOWS\SYSTEM32\WINMM.dll
0x00007ff9e4390000 - 0x00007ff9e439b000 	C:\WINDOWS\SYSTEM32\VERSION.dll
0x00007ff9ed170000 - 0x00007ff9ed184000 	C:\WINDOWS\SYSTEM32\UMPDC.dll
0x00007ff9ec7e0000 - 0x00007ff9ec7fa000 	C:\WINDOWS\SYSTEM32\kernel.appcore.dll
0x00007ff9cd600000 - 0x00007ff9cd60a000 	C:\Users\user\.p2\pool\plugins\org.eclipse.justj.openjdk.hotspot.jre.full.win32.x86_64_23.0.2.v20250131-0604\jre\bin\jimage.dll
0x00007ff9d04e0000 - 0x00007ff9d0721000 	C:\WINDOWS\SYSTEM32\DBGHELP.DLL
0x00007ff9efde0000 - 0x00007ff9f0162000 	C:\WINDOWS\System32\combase.dll
0x00007ff9ee840000 - 0x00007ff9ee916000 	C:\WINDOWS\System32\OLEAUT32.dll
0x00007ff9cf500000 - 0x00007ff9cf539000 	C:\WINDOWS\SYSTEM32\dbgcore.DLL
0x00007ff9ee2d0000 - 0x00007ff9ee369000 	C:\WINDOWS\System32\bcryptPrimitives.dll
0x00007ff9cd5e0000 - 0x00007ff9cd5fe000 	C:\Users\user\.p2\pool\plugins\org.eclipse.justj.openjdk.hotspot.jre.full.win32.x86_64_23.0.2.v20250131-0604\jre\bin\java.dll
0x00007ff9eeaf0000 - 0x00007ff9eec85000 	C:\WINDOWS\System32\ole32.dll
0x00007ff9ef570000 - 0x00007ff9efc85000 	C:\WINDOWS\System32\SHELL32.dll
0x00007ff9ee160000 - 0x00007ff9ee2c8000 	C:\WINDOWS\System32\wintypes.dll
0x00007ff9eb6c0000 - 0x00007ff9ebf05000 	C:\WINDOWS\SYSTEM32\windows.storage.dll
0x00007ff9ef360000 - 0x00007ff9ef44b000 	C:\WINDOWS\System32\SHCORE.dll
0x00007ff9ef0b0000 - 0x00007ff9ef10d000 	C:\WINDOWS\System32\shlwapi.dll
0x00007ff9ed910000 - 0x00007ff9ed93f000 	C:\WINDOWS\SYSTEM32\profapi.dll
0x00007ff98dc50000 - 0x00007ff98dc67000 	C:\Users\user\.p2\pool\plugins\org.eclipse.justj.openjdk.hotspot.jre.full.win32.x86_64_23.0.2.v20250131-0604\jre\bin\zip.dll
0x00007ff9bb920000 - 0x00007ff9bb930000 	C:\Users\user\.p2\pool\plugins\org.eclipse.justj.openjdk.hotspot.jre.full.win32.x86_64_23.0.2.v20250131-0604\jre\bin\net.dll
0x00007ff9ecce0000 - 0x00007ff9ecd4a000 	C:\WINDOWS\system32\mswsock.dll
0x00007ff952260000 - 0x00007ff952276000 	C:\Users\user\.p2\pool\plugins\org.eclipse.justj.openjdk.hotspot.jre.full.win32.x86_64_23.0.2.v20250131-0604\jre\bin\nio.dll
0x00007ff988680000 - 0x00007ff98880d000 	C:\Users\user\.p2\pool\plugins\org.eclipse.justj.openjdk.hotspot.jre.full.win32.x86_64_23.0.2.v20250131-0604\jre\bin\awt.dll
0x00007ff9eaad0000 - 0x00007ff9eab6c000 	C:\WINDOWS\SYSTEM32\apphelp.dll
0x00007ff9eb040000 - 0x00007ff9eb075000 	C:\WINDOWS\system32\DWMAPI.DLL
0x00007ff9eac50000 - 0x00007ff9eacfe000 	C:\WINDOWS\system32\uxtheme.dll
0x00007ff9b4050000 - 0x00007ff9b415c000 	C:\WINDOWS\system32\opengl32.dll
0x00007ff9b7f30000 - 0x00007ff9b7f5d000 	C:\WINDOWS\SYSTEM32\GLU32.dll
0x00007ff9eae10000 - 0x00007ff9eae57000 	C:\WINDOWS\SYSTEM32\dxcore.dll
0x00007ff9ef110000 - 0x00007ff9ef26b000 	C:\WINDOWS\System32\MSCTF.dll
0x00007ff99e290000 - 0x00007ff99e317000 	C:\Users\user\.p2\pool\plugins\org.eclipse.justj.openjdk.hotspot.jre.full.win32.x86_64_23.0.2.v20250131-0604\jre\bin\freetype.dll
0x00007ff9885a0000 - 0x00007ff988678000 	C:\Users\user\.p2\pool\plugins\org.eclipse.justj.openjdk.hotspot.jre.full.win32.x86_64_23.0.2.v20250131-0604\jre\bin\fontmanager.dll
0x00007ff9d53c0000 - 0x00007ff9d5506000 	C:\WINDOWS\SYSTEM32\textinputframework.dll
0x00007ff9ea700000 - 0x00007ff9ea826000 	C:\WINDOWS\SYSTEM32\CoreMessaging.dll
0x00007ff9e5f90000 - 0x00007ff9e6273000 	C:\WINDOWS\SYSTEM32\CoreUIComponents.dll
0x00007ff9ecf10000 - 0x00007ff9ecf1c000 	C:\WINDOWS\SYSTEM32\CRYPTBASE.DLL
0x00007ff9f01e0000 - 0x00007ff9f0288000 	C:\WINDOWS\System32\clbcatq.dll
0x00007ff9e9320000 - 0x00007ff9e954e000 	C:\WINDOWS\SYSTEM32\WindowsCodecs.dll
0x00007ff9aec30000 - 0x00007ff9aec8a000 	C:\WINDOWS\system32\dataexchange.dll
0x00007ff9dbd00000 - 0x00007ff9dbf3b000 	C:\WINDOWS\system32\twinapi.appcore.dll
0x00007ff9d08c0000 - 0x00007ff9d08c9000 	C:\Users\user\.p2\pool\plugins\org.eclipse.justj.openjdk.hotspot.jre.full.win32.x86_64_23.0.2.v20250131-0604\jre\bin\syslookup.dll
0x00007ff9e77b0000 - 0x00007ff9e77ba000 	C:\Users\user\.p2\pool\plugins\org.eclipse.justj.openjdk.hotspot.jre.full.win32.x86_64_23.0.2.v20250131-0604\jre\bin\management.dll
0x00007ff9e6f80000 - 0x00007ff9e6f8b000 	C:\Users\user\.p2\pool\plugins\org.eclipse.justj.openjdk.hotspot.jre.full.win32.x86_64_23.0.2.v20250131-0604\jre\bin\management_ext.dll
0x00007ff9efdd0000 - 0x00007ff9efdd8000 	C:\WINDOWS\System32\PSAPI.DLL
0x00007ff9ed100000 - 0x00007ff9ed11c000 	C:\WINDOWS\SYSTEM32\CRYPTSP.dll
0x00007ff9ec740000 - 0x00007ff9ec77a000 	C:\WINDOWS\system32\rsaenh.dll
0x00007ff9ecd80000 - 0x00007ff9ecdab000 	C:\WINDOWS\SYSTEM32\USERENV.dll
0x00007ff9ed330000 - 0x00007ff9ed356000 	C:\WINDOWS\SYSTEM32\bcrypt.dll
0x00007ff9ec1f0000 - 0x00007ff9ec223000 	C:\WINDOWS\SYSTEM32\IPHLPAPI.DLL
0x00007ff9f0290000 - 0x00007ff9f029a000 	C:\WINDOWS\System32\NSI.dll
0x00007ff9ec230000 - 0x00007ff9ec355000 	C:\WINDOWS\SYSTEM32\DNSAPI.dll
0x00007ff9e3b20000 - 0x00007ff9e3b2b000 	C:\Windows\System32\rasadhlp.dll
0x00007ff9e67b0000 - 0x00007ff9e6835000 	C:\WINDOWS\System32\fwpuclnt.dll
0x00007ff9be980000 - 0x00007ff9be998000 	C:\WINDOWS\system32\napinsp.dll
0x00007ff9be960000 - 0x00007ff9be972000 	C:\WINDOWS\System32\winrnr.dll
0x00007ff9e6840000 - 0x00007ff9e6856000 	C:\WINDOWS\system32\wshbth.dll
0x00007ff9be910000 - 0x00007ff9be932000 	C:\WINDOWS\system32\nlansp_c.dll

dbghelp: loaded successfully - version: 4.0.5 - missing functions: none
symbol engine: initialized successfully - sym options: 0x614 - pdb path: .;C:\Users\user\.p2\pool\plugins\org.eclipse.justj.openjdk.hotspot.jre.full.win32.x86_64_23.0.2.v20250131-0604\jre\bin;C:\WINDOWS\SYSTEM32;C:\WINDOWS\WinSxS\amd64_microsoft.windows.common-controls_6595b64144ccf1df_6.0.26100.3323_none_3e088096e3344490;C:\Users\user\.p2\pool\plugins\org.eclipse.justj.openjdk.hotspot.jre.full.win32.x86_64_23.0.2.v20250131-0604\jre\bin\server

VM Arguments:
jvm_args: -Dfile.encoding=UTF-8 -Dstdout.encoding=UTF-8 -Dstderr.encoding=UTF-8 --module-path=C:\sist0217\work\JDBC_project\bin;C:\sist0217\util\ojdbc11.jar -XX:+ShowCodeDetailsInExceptionMessages -Djdk.module.main=JDBC_Project 
java_command: JDBC_Project/Car.CarMain
java_class_path (initial): <not set>
Launcher Type: SUN_STANDARD

[Global flags]
     intx CICompilerCount                          = 12                                        {product} {ergonomic}
     uint ConcGCThreads                            = 5                                         {product} {ergonomic}
     uint G1ConcRefinementThreads                  = 18                                        {product} {ergonomic}
   size_t G1HeapRegionSize                         = 2097152                                   {product} {ergonomic}
   size_t InitialHeapSize                          = 264241152                                 {product} {ergonomic}
   size_t MarkStackSize                            = 4194304                                   {product} {ergonomic}
   size_t MarkStackSizeMax                         = 536870912                                 {product} {ergonomic}
   size_t MaxHeapSize                              = 4213178368                                {product} {ergonomic}
   size_t MaxNewSize                               = 2527068160                                {product} {ergonomic}
   size_t MinHeapDeltaBytes                        = 2097152                                   {product} {ergonomic}
   size_t MinHeapSize                              = 8388608                                   {product} {ergonomic}
    uintx NonNMethodCodeHeapSize                   = 7602176                                {pd product} {ergonomic}
    uintx NonProfiledCodeHeapSize                  = 122093568                              {pd product} {ergonomic}
    uintx ProfiledCodeHeapSize                     = 121962496                              {pd product} {ergonomic}
    uintx ReservedCodeCacheSize                    = 251658240                              {pd product} {ergonomic}
     bool SegmentedCodeCache                       = true                                      {product} {ergonomic}
     bool ShowCodeDetailsInExceptionMessages       = true                                   {manageable} {command line}
   size_t SoftMaxHeapSize                          = 4213178368                             {manageable} {ergonomic}
     bool UseCompressedOops                        = true                           {product lp64_product} {ergonomic}
     bool UseG1GC                                  = true                                      {product} {ergonomic}
     bool UseLargePagesIndividualAllocation        = false                                  {pd product} {ergonomic}

Logging:
Log output configuration:
 #0: stdout all=warning uptime,level,tags foldmultilines=false
 #1: stderr all=off uptime,level,tags foldmultilines=false

Environment Variables:
JAVA_HOME=C:\Program Files\Java\jdk-17
PATH=C:/Users/user/.p2/pool/plugins/org.eclipse.justj.openjdk.hotspot.jre.full.win32.x86_64_23.0.2.v20250131-0604/jre/bin/server;C:/Users/user/.p2/pool/plugins/org.eclipse.justj.openjdk.hotspot.jre.full.win32.x86_64_23.0.2.v20250131-0604/jre/bin;C:\app\user\product\21c\dbhomeXE\bin;C:\Program Files\Common Files\Oracle\Java\javapath;C:\WINDOWS\system32;C:\WINDOWS;C:\WINDOWS\System32\Wbem;C:\WINDOWS\System32\WindowsPowerShell\v1.0\;C:\WINDOWS\System32\OpenSSH\;C:\Program Files\Java\jdk-17\bin;C:\Program Files\Git\cmd;C:\Users\user\AppData\Local\Microsoft\WindowsApps;;C:\Users\user\Desktop;
USERNAME=user
OS=Windows_NT
PROCESSOR_IDENTIFIER=Intel64 Family 6 Model 183 Stepping 1, GenuineIntel
TMP=C:\Users\user\AppData\Local\Temp
TEMP=C:\Users\user\AppData\Local\Temp




Periodic native trim disabled

---------------  S Y S T E M  ---------------

OS:
 Windows 11 , 64 bit Build 26100 (10.0.26100.3323)
OS uptime: 0 days 5:16 hours
Hyper-V role detected

CPU: total 24 (initial active 24) (12 cores per cpu, 2 threads per core) family 6 model 183 stepping 1 microcode 0x12b, cx8, cmov, fxsr, ht, mmx, 3dnowpref, sse, sse2, sse3, ssse3, sse4.1, sse4.2, popcnt, lzcnt, tsc, tscinvbit, avx, avx2, aes, erms, clmul, bmi1, bmi2, adx, sha, fma, vzeroupper, clflush, clflushopt, clwb, hv, serialize, rdtscp, rdpid, fsrm, gfni, f16c, cet_ibt, cet_ss
Processor Information for the first 24 processors :
  Max Mhz: 2100, Current Mhz: 2100, Mhz Limit: 2100

Memory: 4k page, system-wide physical 16068M (5337M free)
TotalPageFile size 22212M (AvailPageFile size 7561M)
current process WorkingSet (physical memory assigned to process): 329M, peak: 329M
current process commit charge ("private bytes"): 423M, peak: 423M

vm_info: OpenJDK 64-Bit Server VM (23.0.2+7) for windows-amd64 JRE (23.0.2+7), built on 2025-01-21T00:00:00Z with MS VC++ 17.7 (VS2022)

END.
